2019-12-17 23:31:41,686 [Worker-7: Loading available Gradle versions] INFO  o.e.b.c.i.u.g.PublishedGradleVersions - Gradle version information cache is up-to-date. Trying to read.
2019-12-17 23:33:23,705 [Worker-2: Importing Maven projects] INFO  o.e.m.c.i.l.LifecycleMappingFactory - Using org.maven.ide.eclipse.wtp.WarLifecycleMapping lifecycle mapping for MavenProject: gcp-backend-application:gcp-backend:0.0.1-SNAPSHOT @ C:\gcp_wrksp\gcp-project\gcp-backend\pom.xml.
2019-12-17 23:33:27,369 [Worker-2: Importing Maven projects] INFO  o.e.m.j.i.AbstractJavaProjectConfigurator - Adding source folder /gcp-backend/src/main/java
2019-12-17 23:33:27,370 [Worker-2: Importing Maven projects] INFO  o.e.m.j.i.AbstractJavaProjectConfigurator - Adding resource folder /gcp-backend/src/main/resources
2019-12-17 23:33:27,383 [Worker-2: Importing Maven projects] INFO  o.e.m.j.i.AbstractJavaProjectConfigurator - Adding resource folder /gcp-backend/src/main/resources
2019-12-17 23:33:27,384 [Worker-2: Importing Maven projects] INFO  o.e.m.j.i.AbstractJavaProjectConfigurator - Adding source folder /gcp-backend/src/test/java
2019-12-17 23:33:33,386 [Worker-2: Importing Maven projects] INFO  o.e.m.c.i.p.ProjectConfigurationManager - Imported and configured 1 project(s) in 12 sec
2019-12-17 23:33:36,425 [Worker-6: Building workspace] INFO  o.e.m.c.i.embedder.EclipseLogger - Using 'UTF-8' encoding to copy filtered resources.
2019-12-17 23:33:36,426 [Worker-6: Building workspace] INFO  o.e.m.c.i.embedder.EclipseLogger - skip non existing resourceDirectory C:\gcp_wrksp\gcp-project\gcp-backend\..\angular8-springboot\dist\angular8-springboot
2019-12-17 23:33:36,430 [Worker-6: Building workspace] INFO  o.e.m.c.i.embedder.EclipseLogger - Using 'UTF-8' encoding to copy filtered resources.
2019-12-17 23:33:36,437 [Worker-6: Building workspace] INFO  o.e.m.c.i.embedder.EclipseLogger - Copying 2 resources
2019-12-17 23:33:36,468 [Worker-6: Building workspace] INFO  o.e.m.c.i.embedder.EclipseLogger - Copying 22 resources
2019-12-17 23:33:36,578 [Worker-6: Building workspace] INFO  o.e.m.c.i.embedder.EclipseLogger - Using 'UTF-8' encoding to copy filtered resources.
2019-12-17 23:33:36,579 [Worker-6: Building workspace] INFO  o.e.m.c.i.embedder.EclipseLogger - skip non existing resourceDirectory C:\gcp_wrksp\gcp-project\gcp-backend\src\test\resources
2019-12-17 23:34:52,802 [Worker-13: Building workspace] INFO  o.e.m.c.i.embedder.EclipseLogger - Using 'UTF-8' encoding to copy filtered resources.
2019-12-17 23:34:52,803 [Worker-13: Building workspace] INFO  o.e.m.c.i.embedder.EclipseLogger - skip non existing resourceDirectory C:\gcp_wrksp\gcp-project\gcp-backend\..\angular8-springboot\dist\angular8-springboot
2019-12-17 23:34:52,806 [Worker-13: Building workspace] INFO  o.e.m.c.i.embedder.EclipseLogger - Using 'UTF-8' encoding to copy filtered resources.
2019-12-17 23:34:52,810 [Worker-13: Building workspace] INFO  o.e.m.c.i.embedder.EclipseLogger - Copying 0 resource
2019-12-17 23:34:52,810 [Worker-13: Building workspace] INFO  o.e.m.c.i.embedder.EclipseLogger - Copying 0 resource
2019-12-17 23:34:52,816 [Worker-13: Building workspace] INFO  o.e.m.c.i.embedder.EclipseLogger - Using 'UTF-8' encoding to copy filtered resources.
2019-12-17 23:34:52,816 [Worker-13: Building workspace] INFO  o.e.m.c.i.embedder.EclipseLogger - skip non existing resourceDirectory C:\gcp_wrksp\gcp-project\gcp-backend\src\test\resources
2019-12-17 23:37:41,392 [Worker-13: Building workspace] INFO  o.e.m.c.i.l.LifecycleMappingFactory - Using org.maven.ide.eclipse.wtp.WarLifecycleMapping lifecycle mapping for MavenProject: gcp-backend-application:gcp-backend:0.0.1-SNAPSHOT @ C:\gcp_wrksp\gcp-project\gcp-backend\pom.xml.
2019-12-17 23:37:45,559 [Worker-13: Building workspace] INFO  o.e.m.c.i.embedder.EclipseLogger - Using 'UTF-8' encoding to copy filtered resources.
2019-12-17 23:37:45,559 [Worker-13: Building workspace] INFO  o.e.m.c.i.embedder.EclipseLogger - skip non existing resourceDirectory C:\gcp_wrksp\gcp-project\gcp-backend\..\angular8-springboot\dist\angular8-springboot
2019-12-17 23:37:45,562 [Worker-13: Building workspace] INFO  o.e.m.c.i.embedder.EclipseLogger - Using 'UTF-8' encoding to copy filtered resources.
2019-12-17 23:37:45,567 [Worker-13: Building workspace] INFO  o.e.m.c.i.embedder.EclipseLogger - Copying 0 resource
2019-12-17 23:37:45,568 [Worker-13: Building workspace] INFO  o.e.m.c.i.embedder.EclipseLogger - Copying 0 resource
2019-12-17 23:37:45,570 [Worker-13: Building workspace] INFO  o.e.m.c.i.embedder.EclipseLogger - Using 'UTF-8' encoding to copy filtered resources.
2019-12-17 23:37:45,571 [Worker-13: Building workspace] INFO  o.e.m.c.i.embedder.EclipseLogger - skip non existing resourceDirectory C:\gcp_wrksp\gcp-project\gcp-backend\src\test\resources
2019-12-17 23:37:45,574 [Worker-13: Building workspace] INFO  o.e.m.w.i.f.ResourceFilteringBuildParticipant - Changed resources require a complete clean of filtered resources of gcp-backend
2019-12-17 23:37:45,574 [Worker-13: Building workspace] INFO  o.e.m.w.i.f.ResourceFilteringBuildParticipant - Executing resource filtering for gcp-backend
2019-12-17 23:37:45,581 [Worker-13: Building workspace] INFO  o.e.m.c.i.embedder.EclipseLogger - Using 'UTF-8' encoding to copy filtered resources.
2019-12-17 23:37:49,474 [Worker-12: Building workspace] INFO  o.e.m.c.i.embedder.EclipseLogger - Using 'UTF-8' encoding to copy filtered resources.
2019-12-17 23:37:49,475 [Worker-12: Building workspace] INFO  o.e.m.c.i.embedder.EclipseLogger - skip non existing resourceDirectory C:\gcp_wrksp\gcp-project\gcp-backend\..\angular8-springboot\dist\angular8-springboot
2019-12-17 23:37:49,477 [Worker-12: Building workspace] INFO  o.e.m.c.i.embedder.EclipseLogger - Using 'UTF-8' encoding to copy filtered resources.
2019-12-17 23:37:49,491 [Worker-12: Building workspace] INFO  o.e.m.c.i.embedder.EclipseLogger - Copying 2 resources
2019-12-17 23:37:49,527 [Worker-12: Building workspace] INFO  o.e.m.c.i.embedder.EclipseLogger - Copying 22 resources
2019-12-17 23:37:49,634 [Worker-12: Building workspace] INFO  o.e.m.c.i.embedder.EclipseLogger - Using 'UTF-8' encoding to copy filtered resources.
2019-12-17 23:37:49,634 [Worker-12: Building workspace] INFO  o.e.m.c.i.embedder.EclipseLogger - skip non existing resourceDirectory C:\gcp_wrksp\gcp-project\gcp-backend\src\test\resources
2019-12-17 23:38:31,314 [Worker-13: Building workspace] INFO  o.e.m.c.i.l.LifecycleMappingFactory - Using org.maven.ide.eclipse.wtp.WarLifecycleMapping lifecycle mapping for MavenProject: gcp-backend-application:gcp-backend:0.0.1-SNAPSHOT @ C:\gcp_wrksp\gcp-project\gcp-backend\pom.xml.
2019-12-17 23:38:34,577 [Worker-13: Building workspace] INFO  o.e.m.c.i.embedder.EclipseLogger - Using 'UTF-8' encoding to copy filtered resources.
2019-12-17 23:38:34,577 [Worker-13: Building workspace] INFO  o.e.m.c.i.embedder.EclipseLogger - skip non existing resourceDirectory C:\gcp_wrksp\gcp-project\gcp-backend\..\angular8-springboot\dist\angular8-springboot
2019-12-17 23:38:34,583 [Worker-13: Building workspace] INFO  o.e.m.c.i.embedder.EclipseLogger - Using 'UTF-8' encoding to copy filtered resources.
2019-12-17 23:38:34,589 [Worker-13: Building workspace] INFO  o.e.m.c.i.embedder.EclipseLogger - Copying 0 resource
2019-12-17 23:38:34,590 [Worker-13: Building workspace] INFO  o.e.m.c.i.embedder.EclipseLogger - Copying 0 resource
2019-12-17 23:38:34,597 [Worker-13: Building workspace] INFO  o.e.m.c.i.embedder.EclipseLogger - Using 'UTF-8' encoding to copy filtered resources.
2019-12-17 23:38:34,597 [Worker-13: Building workspace] INFO  o.e.m.c.i.embedder.EclipseLogger - skip non existing resourceDirectory C:\gcp_wrksp\gcp-project\gcp-backend\src\test\resources
2019-12-17 23:38:34,597 [Worker-13: Building workspace] INFO  o.e.m.w.i.f.ResourceFilteringBuildParticipant - Changed resources require a complete clean of filtered resources of gcp-backend
2019-12-17 23:38:34,597 [Worker-13: Building workspace] INFO  o.e.m.w.i.f.ResourceFilteringBuildParticipant - Executing resource filtering for gcp-backend
2019-12-17 23:38:34,603 [Worker-13: Building workspace] INFO  o.e.m.c.i.embedder.EclipseLogger - Using 'UTF-8' encoding to copy filtered resources.
2019-12-17 23:42:58,197 [Worker-16: Building workspace] INFO  o.e.m.c.i.l.LifecycleMappingFactory - Using org.maven.ide.eclipse.wtp.WarLifecycleMapping lifecycle mapping for MavenProject: gcp-backend-application:gcp-backend:0.0.1-SNAPSHOT @ C:\gcp_wrksp\gcp-project\gcp-backend\pom.xml.
2019-12-17 23:43:01,385 [Worker-16: Building workspace] INFO  o.e.m.c.i.embedder.EclipseLogger - Using 'UTF-8' encoding to copy filtered resources.
2019-12-17 23:43:01,385 [Worker-16: Building workspace] INFO  o.e.m.c.i.embedder.EclipseLogger - skip non existing resourceDirectory C:\gcp_wrksp\gcp-project\gcp-backend\..\angular8-springboot\dist\angular8-springboot
2019-12-17 23:43:01,389 [Worker-16: Building workspace] INFO  o.e.m.c.i.embedder.EclipseLogger - Using 'UTF-8' encoding to copy filtered resources.
2019-12-17 23:43:01,395 [Worker-16: Building workspace] INFO  o.e.m.c.i.embedder.EclipseLogger - Copying 0 resource
2019-12-17 23:43:01,395 [Worker-16: Building workspace] INFO  o.e.m.c.i.embedder.EclipseLogger - Copying 0 resource
2019-12-17 23:43:01,398 [Worker-16: Building workspace] INFO  o.e.m.c.i.embedder.EclipseLogger - Using 'UTF-8' encoding to copy filtered resources.
2019-12-17 23:43:01,399 [Worker-16: Building workspace] INFO  o.e.m.c.i.embedder.EclipseLogger - skip non existing resourceDirectory C:\gcp_wrksp\gcp-project\gcp-backend\src\test\resources
2019-12-17 23:43:01,457 [Worker-16: Building workspace] INFO  o.e.m.w.i.f.ResourceFilteringBuildParticipant - Changed resources require a complete clean of filtered resources of gcp-backend
2019-12-17 23:43:01,458 [Worker-16: Building workspace] INFO  o.e.m.w.i.f.ResourceFilteringBuildParticipant - Executing resource filtering for gcp-backend
2019-12-17 23:43:01,462 [Worker-16: Building workspace] INFO  o.e.m.c.i.embedder.EclipseLogger - Using 'UTF-8' encoding to copy filtered resources.
2019-12-17 23:43:03,876 [Worker-17: Building workspace] INFO  o.e.m.c.i.embedder.EclipseLogger - Using 'UTF-8' encoding to copy filtered resources.
2019-12-17 23:43:03,877 [Worker-17: Building workspace] INFO  o.e.m.c.i.embedder.EclipseLogger - skip non existing resourceDirectory C:\gcp_wrksp\gcp-project\gcp-backend\..\angular8-springboot\dist\angular8-springboot
2019-12-17 23:43:03,880 [Worker-17: Building workspace] INFO  o.e.m.c.i.embedder.EclipseLogger - Using 'UTF-8' encoding to copy filtered resources.
2019-12-17 23:43:03,888 [Worker-17: Building workspace] INFO  o.e.m.c.i.embedder.EclipseLogger - Copying 2 resources
2019-12-17 23:43:03,929 [Worker-17: Building workspace] INFO  o.e.m.c.i.embedder.EclipseLogger - Copying 22 resources
2019-12-17 23:43:04,064 [Worker-17: Building workspace] INFO  o.e.m.c.i.embedder.EclipseLogger - Using 'UTF-8' encoding to copy filtered resources.
2019-12-17 23:43:04,064 [Worker-17: Building workspace] INFO  o.e.m.c.i.embedder.EclipseLogger - skip non existing resourceDirectory C:\gcp_wrksp\gcp-project\gcp-backend\src\test\resources
2019-12-17 23:44:15,866 [Worker-18: Building workspace] INFO  o.e.m.c.i.l.LifecycleMappingFactory - Using org.maven.ide.eclipse.wtp.WarLifecycleMapping lifecycle mapping for MavenProject: gcp-backend-application:gcp-backend:0.0.1-SNAPSHOT @ C:\gcp_wrksp\gcp-project\gcp-backend\pom.xml.
2019-12-17 23:44:17,665 [Worker-18: Building workspace] INFO  o.e.m.c.i.e.AbstractTransferListenerAdapter - Downloading https://repo.spring.io/libs-milestone/org/springframework/cloud/spring-cloud-gcp-starter-storage/1.1.0.M1/spring-cloud-gcp-starter-storage-1.1.0.M1.pom
2019-12-17 23:44:17,981 [Worker-18: Building workspace] INFO  o.e.m.c.i.e.AbstractTransferListenerAdapter - Downloaded https://repo.spring.io/libs-milestone/org/springframework/cloud/spring-cloud-gcp-starter-storage/1.1.0.M1/spring-cloud-gcp-starter-storage-1.1.0.M1.pom
2019-12-17 23:44:18,423 [Worker-18: Building workspace] INFO  o.e.m.c.i.e.AbstractTransferListenerAdapter - Downloading https://repo.spring.io/libs-milestone/org/springframework/cloud/spring-cloud-gcp-storage/1.1.0.M1/spring-cloud-gcp-storage-1.1.0.M1.pom
2019-12-17 23:44:18,810 [Worker-18: Building workspace] INFO  o.e.m.c.i.e.AbstractTransferListenerAdapter - Downloaded https://repo.spring.io/libs-milestone/org/springframework/cloud/spring-cloud-gcp-storage/1.1.0.M1/spring-cloud-gcp-storage-1.1.0.M1.pom
2019-12-17 23:44:19,286 [Worker-18: Building workspace] INFO  o.e.m.c.i.e.AbstractTransferListenerAdapter - Downloading https://repo.spring.io/libs-milestone/com/google/cloud/google-cloud-storage/1.35.0/google-cloud-storage-1.35.0.pom
2019-12-17 23:44:19,673 [Worker-18: Building workspace] INFO  o.e.m.c.i.e.AbstractTransferListenerAdapter - Downloaded https://repo.spring.io/libs-milestone/com/google/cloud/google-cloud-storage/1.35.0/google-cloud-storage-1.35.0.pom
2019-12-17 23:44:20,153 [Worker-18: Building workspace] INFO  o.e.m.c.i.e.AbstractTransferListenerAdapter - Downloading https://repo.spring.io/libs-milestone/com/google/cloud/google-cloud-core-http/1.35.0/google-cloud-core-http-1.35.0.pom
2019-12-17 23:44:20,667 [Worker-18: Building workspace] INFO  o.e.m.c.i.e.AbstractTransferListenerAdapter - Downloaded https://repo.spring.io/libs-milestone/com/google/cloud/google-cloud-core-http/1.35.0/google-cloud-core-http-1.35.0.pom
2019-12-17 23:44:21,015 [Worker-18: Building workspace] INFO  o.e.m.c.i.e.AbstractTransferListenerAdapter - Downloading https://repo.spring.io/libs-milestone/com/google/http-client/google-http-client-appengine/1.23.0/google-http-client-appengine-1.23.0.pom
2019-12-17 23:44:21,313 [Worker-18: Building workspace] INFO  o.e.m.c.i.e.AbstractTransferListenerAdapter - Downloaded https://repo.spring.io/libs-milestone/com/google/http-client/google-http-client-appengine/1.23.0/google-http-client-appengine-1.23.0.pom
2019-12-17 23:44:21,638 [Worker-18: Building workspace] INFO  o.e.m.c.i.e.AbstractTransferListenerAdapter - Downloading https://repo.spring.io/libs-milestone/com/google/http-client/google-http-client-jackson/1.23.0/google-http-client-jackson-1.23.0.pom
2019-12-17 23:44:21,941 [Worker-18: Building workspace] INFO  o.e.m.c.i.e.AbstractTransferListenerAdapter - Downloaded https://repo.spring.io/libs-milestone/com/google/http-client/google-http-client-jackson/1.23.0/google-http-client-jackson-1.23.0.pom
2019-12-17 23:44:22,301 [Worker-18: Building workspace] INFO  o.e.m.c.i.e.AbstractTransferListenerAdapter - Downloading https://repo.spring.io/libs-milestone/org/codehaus/jackson/jackson-core-asl/1.9.11/jackson-core-asl-1.9.11.pom
2019-12-17 23:44:22,668 [Worker-18: Building workspace] INFO  o.e.m.c.i.e.AbstractTransferListenerAdapter - Downloaded https://repo.spring.io/libs-milestone/org/codehaus/jackson/jackson-core-asl/1.9.11/jackson-core-asl-1.9.11.pom
2019-12-17 23:44:23,320 [Worker-18: Building workspace] INFO  o.e.m.c.i.e.AbstractTransferListenerAdapter - Downloading https://repo.spring.io/libs-milestone/com/google/api/gax-httpjson/0.45.0/gax-httpjson-0.45.0.pom
2019-12-17 23:44:23,743 [Worker-18: Building workspace] INFO  o.e.m.c.i.e.AbstractTransferListenerAdapter - Downloaded https://repo.spring.io/libs-milestone/com/google/api/gax-httpjson/0.45.0/gax-httpjson-0.45.0.pom
2019-12-17 23:44:24,241 [Worker-18: Building workspace] INFO  o.e.m.c.i.e.AbstractTransferListenerAdapter - Downloading https://repo.spring.io/libs-milestone/io/opencensus/opencensus-api/0.11.1/opencensus-api-0.11.1.pom
2019-12-17 23:44:24,877 [Worker-18: Building workspace] INFO  o.e.m.c.i.e.AbstractTransferListenerAdapter - Downloaded https://repo.spring.io/libs-milestone/io/opencensus/opencensus-api/0.11.1/opencensus-api-0.11.1.pom
2019-12-17 23:44:25,368 [Worker-18: Building workspace] INFO  o.e.m.c.i.e.AbstractTransferListenerAdapter - Downloading https://repo.spring.io/libs-milestone/io/grpc/grpc-context/1.9.0/grpc-context-1.9.0.pom
2019-12-17 23:44:25,892 [Worker-18: Building workspace] INFO  o.e.m.c.i.e.AbstractTransferListenerAdapter - Downloaded https://repo.spring.io/libs-milestone/io/grpc/grpc-context/1.9.0/grpc-context-1.9.0.pom
2019-12-17 23:44:26,492 [Worker-18: Building workspace] INFO  o.e.m.c.i.e.AbstractTransferListenerAdapter - Downloading https://repo.spring.io/libs-milestone/io/opencensus/opencensus-contrib-http-util/0.11.1/opencensus-contrib-http-util-0.11.1.pom
2019-12-17 23:44:27,126 [Worker-18: Building workspace] INFO  o.e.m.c.i.e.AbstractTransferListenerAdapter - Downloaded https://repo.spring.io/libs-milestone/io/opencensus/opencensus-contrib-http-util/0.11.1/opencensus-contrib-http-util-0.11.1.pom
2019-12-17 23:44:27,622 [Worker-18: Building workspace] INFO  o.e.m.c.i.e.AbstractTransferListenerAdapter - Downloading https://repo.spring.io/libs-milestone/com/google/apis/google-api-services-storage/v1-rev131-1.23.0/google-api-services-storage-v1-rev131-1.23.0.pom
2019-12-17 23:44:28,259 [Worker-18: Building workspace] INFO  o.e.m.c.i.e.AbstractTransferListenerAdapter - Downloaded https://repo.spring.io/libs-milestone/com/google/apis/google-api-services-storage/v1-rev131-1.23.0/google-api-services-storage-v1-rev131-1.23.0.pom
2019-12-17 23:44:29,289 [Worker-18: Building workspace] INFO  o.e.m.c.i.e.AbstractTransferListenerAdapter - Downloading https://repo.spring.io/libs-milestone/org/springframework/cloud/spring-cloud-gcp-starter-storage/1.1.0.M1/spring-cloud-gcp-starter-storage-1.1.0.M1.jar
2019-12-17 23:44:29,730 [Worker-18: Building workspace] INFO  o.e.m.c.i.e.AbstractTransferListenerAdapter - Downloaded https://repo.spring.io/libs-milestone/org/springframework/cloud/spring-cloud-gcp-starter-storage/1.1.0.M1/spring-cloud-gcp-starter-storage-1.1.0.M1.jar
2019-12-17 23:44:30,185 [Worker-18: Building workspace] INFO  o.e.m.c.i.e.AbstractTransferListenerAdapter - Downloading https://repo.spring.io/libs-milestone/org/springframework/cloud/spring-cloud-gcp-storage/1.1.0.M1/spring-cloud-gcp-storage-1.1.0.M1.jar
2019-12-17 23:44:30,499 [Worker-18: Building workspace] INFO  o.e.m.c.i.e.AbstractTransferListenerAdapter - Downloaded https://repo.spring.io/libs-milestone/org/springframework/cloud/spring-cloud-gcp-storage/1.1.0.M1/spring-cloud-gcp-storage-1.1.0.M1.jar
2019-12-17 23:44:31,102 [Worker-18: Building workspace] INFO  o.e.m.c.i.e.AbstractTransferListenerAdapter - Downloading https://repo.spring.io/libs-milestone/com/google/cloud/google-cloud-storage/1.35.0/google-cloud-storage-1.35.0.jar
2019-12-17 23:44:32,048 [Worker-18: Building workspace] INFO  o.e.m.c.i.e.AbstractTransferListenerAdapter - Downloaded https://repo.spring.io/libs-milestone/com/google/cloud/google-cloud-storage/1.35.0/google-cloud-storage-1.35.0.jar
2019-12-17 23:44:32,428 [Worker-18: Building workspace] INFO  o.e.m.c.i.e.AbstractTransferListenerAdapter - Downloading https://repo.spring.io/libs-milestone/com/google/cloud/google-cloud-core-http/1.35.0/google-cloud-core-http-1.35.0.jar
2019-12-17 23:44:32,852 [Worker-18: Building workspace] INFO  o.e.m.c.i.e.AbstractTransferListenerAdapter - Downloaded https://repo.spring.io/libs-milestone/com/google/cloud/google-cloud-core-http/1.35.0/google-cloud-core-http-1.35.0.jar
2019-12-17 23:44:33,208 [Worker-18: Building workspace] INFO  o.e.m.c.i.e.AbstractTransferListenerAdapter - Downloading https://repo.spring.io/libs-milestone/com/google/http-client/google-http-client-appengine/1.23.0/google-http-client-appengine-1.23.0.jar
2019-12-17 23:44:33,880 [Worker-18: Building workspace] INFO  o.e.m.c.i.e.AbstractTransferListenerAdapter - Downloaded https://repo.spring.io/libs-milestone/com/google/http-client/google-http-client-appengine/1.23.0/google-http-client-appengine-1.23.0.jar
2019-12-17 23:44:34,308 [Worker-18: Building workspace] INFO  o.e.m.c.i.e.AbstractTransferListenerAdapter - Downloading https://repo.spring.io/libs-milestone/com/google/http-client/google-http-client-jackson/1.23.0/google-http-client-jackson-1.23.0.jar
2019-12-17 23:44:34,806 [Worker-18: Building workspace] INFO  o.e.m.c.i.e.AbstractTransferListenerAdapter - Downloaded https://repo.spring.io/libs-milestone/com/google/http-client/google-http-client-jackson/1.23.0/google-http-client-jackson-1.23.0.jar
2019-12-17 23:44:35,373 [Worker-18: Building workspace] INFO  o.e.m.c.i.e.AbstractTransferListenerAdapter - Downloading https://repo.spring.io/libs-milestone/org/codehaus/jackson/jackson-core-asl/1.9.11/jackson-core-asl-1.9.11.jar
2019-12-17 23:44:35,936 [Worker-18: Building workspace] INFO  o.e.m.c.i.e.AbstractTransferListenerAdapter - Downloaded https://repo.spring.io/libs-milestone/org/codehaus/jackson/jackson-core-asl/1.9.11/jackson-core-asl-1.9.11.jar
2019-12-17 23:44:36,531 [Worker-18: Building workspace] INFO  o.e.m.c.i.e.AbstractTransferListenerAdapter - Downloading https://repo.spring.io/libs-milestone/com/google/http-client/google-http-client-jackson2/1.23.0/google-http-client-jackson2-1.23.0.jar
2019-12-17 23:44:36,986 [Worker-18: Building workspace] INFO  o.e.m.c.i.e.AbstractTransferListenerAdapter - Downloaded https://repo.spring.io/libs-milestone/com/google/http-client/google-http-client-jackson2/1.23.0/google-http-client-jackson2-1.23.0.jar
2019-12-17 23:44:37,355 [Worker-18: Building workspace] INFO  o.e.m.c.i.e.AbstractTransferListenerAdapter - Downloading https://repo.spring.io/libs-milestone/com/google/api/gax-httpjson/0.45.0/gax-httpjson-0.45.0.jar
2019-12-17 23:44:38,283 [Worker-18: Building workspace] INFO  o.e.m.c.i.e.AbstractTransferListenerAdapter - Downloaded https://repo.spring.io/libs-milestone/com/google/api/gax-httpjson/0.45.0/gax-httpjson-0.45.0.jar
2019-12-17 23:44:38,790 [Worker-18: Building workspace] INFO  o.e.m.c.i.e.AbstractTransferListenerAdapter - Downloading https://repo.spring.io/libs-milestone/io/opencensus/opencensus-contrib-http-util/0.11.1/opencensus-contrib-http-util-0.11.1.jar
2019-12-17 23:44:39,419 [Worker-18: Building workspace] INFO  o.e.m.c.i.e.AbstractTransferListenerAdapter - Downloaded https://repo.spring.io/libs-milestone/io/opencensus/opencensus-contrib-http-util/0.11.1/opencensus-contrib-http-util-0.11.1.jar
2019-12-17 23:44:40,012 [Worker-18: Building workspace] INFO  o.e.m.c.i.e.AbstractTransferListenerAdapter - Downloading https://repo.spring.io/libs-milestone/com/google/apis/google-api-services-storage/v1-rev131-1.23.0/google-api-services-storage-v1-rev131-1.23.0.jar
2019-12-17 23:44:40,710 [Worker-18: Building workspace] INFO  o.e.m.c.i.e.AbstractTransferListenerAdapter - Downloaded https://repo.spring.io/libs-milestone/com/google/apis/google-api-services-storage/v1-rev131-1.23.0/google-api-services-storage-v1-rev131-1.23.0.jar
2019-12-17 23:44:46,336 [Worker-18: Building workspace] INFO  o.e.m.c.i.embedder.EclipseLogger - Using 'UTF-8' encoding to copy filtered resources.
2019-12-17 23:44:46,337 [Worker-18: Building workspace] INFO  o.e.m.c.i.embedder.EclipseLogger - skip non existing resourceDirectory C:\gcp_wrksp\gcp-project\gcp-backend\..\angular8-springboot\dist\angular8-springboot
2019-12-17 23:44:46,341 [Worker-18: Building workspace] INFO  o.e.m.c.i.embedder.EclipseLogger - Using 'UTF-8' encoding to copy filtered resources.
2019-12-17 23:44:46,347 [Worker-18: Building workspace] INFO  o.e.m.c.i.embedder.EclipseLogger - Copying 0 resource
2019-12-17 23:44:46,348 [Worker-18: Building workspace] INFO  o.e.m.c.i.embedder.EclipseLogger - Copying 0 resource
2019-12-17 23:44:46,351 [Worker-18: Building workspace] INFO  o.e.m.c.i.embedder.EclipseLogger - Using 'UTF-8' encoding to copy filtered resources.
2019-12-17 23:44:46,351 [Worker-18: Building workspace] INFO  o.e.m.c.i.embedder.EclipseLogger - skip non existing resourceDirectory C:\gcp_wrksp\gcp-project\gcp-backend\src\test\resources
2019-12-17 23:44:46,351 [Worker-18: Building workspace] INFO  o.e.m.w.i.f.ResourceFilteringBuildParticipant - Changed resources require a complete clean of filtered resources of gcp-backend
2019-12-17 23:44:46,352 [Worker-18: Building workspace] INFO  o.e.m.w.i.f.ResourceFilteringBuildParticipant - Executing resource filtering for gcp-backend
2019-12-17 23:44:46,358 [Worker-18: Building workspace] INFO  o.e.m.c.i.embedder.EclipseLogger - Using 'UTF-8' encoding to copy filtered resources.
2019-12-17 23:44:49,165 [Worker-16: Building workspace] INFO  o.e.m.c.i.embedder.EclipseLogger - Using 'UTF-8' encoding to copy filtered resources.
2019-12-17 23:44:49,165 [Worker-16: Building workspace] INFO  o.e.m.c.i.embedder.EclipseLogger - skip non existing resourceDirectory C:\gcp_wrksp\gcp-project\gcp-backend\..\angular8-springboot\dist\angular8-springboot
2019-12-17 23:44:49,168 [Worker-16: Building workspace] INFO  o.e.m.c.i.embedder.EclipseLogger - Using 'UTF-8' encoding to copy filtered resources.
2019-12-17 23:44:49,178 [Worker-16: Building workspace] INFO  o.e.m.c.i.embedder.EclipseLogger - Copying 2 resources
2019-12-17 23:44:49,214 [Worker-16: Building workspace] INFO  o.e.m.c.i.embedder.EclipseLogger - Copying 22 resources
2019-12-17 23:44:49,352 [Worker-16: Building workspace] INFO  o.e.m.c.i.embedder.EclipseLogger - Using 'UTF-8' encoding to copy filtered resources.
2019-12-17 23:44:49,352 [Worker-16: Building workspace] INFO  o.e.m.c.i.embedder.EclipseLogger - skip non existing resourceDirectory C:\gcp_wrksp\gcp-project\gcp-backend\src\test\resources
2019-12-17 23:44:49,737 [Worker-12: Download sources and javadoc] INFO  o.e.m.c.i.e.AbstractTransferListenerAdapter - Downloading https://repo.spring.io/libs-milestone/org/springframework/cloud/spring-cloud-gcp-starter-storage/1.1.0.M1/spring-cloud-gcp-starter-storage-1.1.0.M1-sources.jar
2019-12-17 23:44:50,263 [Worker-12: Download sources and javadoc] INFO  o.e.m.c.i.e.AbstractTransferListenerAdapter - Downloaded https://repo.spring.io/libs-milestone/org/springframework/cloud/spring-cloud-gcp-starter-storage/1.1.0.M1/spring-cloud-gcp-starter-storage-1.1.0.M1-sources.jar
2019-12-17 23:44:50,356 [Worker-12: Download sources and javadoc] INFO  o.e.m.j.internal.DownloadSourcesJob - Downloaded sources for org.springframework.cloud:spring-cloud-gcp-starter-storage:1.1.0.M1
2019-12-17 23:44:50,881 [Worker-12: Download sources and javadoc] INFO  o.e.m.c.i.e.AbstractTransferListenerAdapter - Downloading https://repo.spring.io/libs-milestone/org/springframework/cloud/spring-cloud-gcp-storage/1.1.0.M1/spring-cloud-gcp-storage-1.1.0.M1-sources.jar
2019-12-17 23:44:51,181 [Worker-12: Download sources and javadoc] INFO  o.e.m.c.i.e.AbstractTransferListenerAdapter - Downloaded https://repo.spring.io/libs-milestone/org/springframework/cloud/spring-cloud-gcp-storage/1.1.0.M1/spring-cloud-gcp-storage-1.1.0.M1-sources.jar
2019-12-17 23:44:51,249 [Worker-12: Download sources and javadoc] INFO  o.e.m.j.internal.DownloadSourcesJob - Downloaded sources for org.springframework.cloud:spring-cloud-gcp-storage:1.1.0.M1
2019-12-17 23:44:51,707 [Worker-12: Download sources and javadoc] INFO  o.e.m.c.i.e.AbstractTransferListenerAdapter - Downloading https://repo.spring.io/libs-milestone/com/google/cloud/google-cloud-storage/1.35.0/google-cloud-storage-1.35.0-sources.jar
2019-12-17 23:44:52,366 [Worker-12: Download sources and javadoc] INFO  o.e.m.c.i.e.AbstractTransferListenerAdapter - Downloaded https://repo.spring.io/libs-milestone/com/google/cloud/google-cloud-storage/1.35.0/google-cloud-storage-1.35.0-sources.jar
2019-12-17 23:44:52,608 [Worker-12: Download sources and javadoc] INFO  o.e.m.j.internal.DownloadSourcesJob - Downloaded sources for com.google.cloud:google-cloud-storage:1.35.0
2019-12-17 23:44:53,041 [Worker-12: Download sources and javadoc] INFO  o.e.m.c.i.e.AbstractTransferListenerAdapter - Downloading https://repo.spring.io/libs-milestone/com/google/cloud/google-cloud-core-http/1.35.0/google-cloud-core-http-1.35.0-sources.jar
2019-12-17 23:44:53,358 [Worker-12: Download sources and javadoc] INFO  o.e.m.c.i.e.AbstractTransferListenerAdapter - Downloaded https://repo.spring.io/libs-milestone/com/google/cloud/google-cloud-core-http/1.35.0/google-cloud-core-http-1.35.0-sources.jar
2019-12-17 23:44:53,480 [Worker-12: Download sources and javadoc] INFO  o.e.m.j.internal.DownloadSourcesJob - Downloaded sources for com.google.cloud:google-cloud-core-http:1.35.0
2019-12-17 23:44:53,870 [Worker-12: Download sources and javadoc] INFO  o.e.m.c.i.e.AbstractTransferListenerAdapter - Downloading https://repo.spring.io/libs-milestone/com/google/http-client/google-http-client-appengine/1.23.0/google-http-client-appengine-1.23.0-sources.jar
2019-12-17 23:44:54,340 [Worker-12: Download sources and javadoc] INFO  o.e.m.c.i.e.AbstractTransferListenerAdapter - Downloaded https://repo.spring.io/libs-milestone/com/google/http-client/google-http-client-appengine/1.23.0/google-http-client-appengine-1.23.0-sources.jar
2019-12-17 23:44:54,425 [Worker-12: Download sources and javadoc] INFO  o.e.m.j.internal.DownloadSourcesJob - Downloaded sources for com.google.http-client:google-http-client-appengine:1.23.0
2019-12-17 23:44:54,861 [Worker-12: Download sources and javadoc] INFO  o.e.m.c.i.e.AbstractTransferListenerAdapter - Downloading https://repo.spring.io/libs-milestone/com/google/http-client/google-http-client-jackson/1.23.0/google-http-client-jackson-1.23.0-sources.jar
2019-12-17 23:44:55,176 [Worker-12: Download sources and javadoc] INFO  o.e.m.c.i.e.AbstractTransferListenerAdapter - Downloaded https://repo.spring.io/libs-milestone/com/google/http-client/google-http-client-jackson/1.23.0/google-http-client-jackson-1.23.0-sources.jar
2019-12-17 23:44:55,259 [Worker-12: Download sources and javadoc] INFO  o.e.m.j.internal.DownloadSourcesJob - Downloaded sources for com.google.http-client:google-http-client-jackson:1.23.0
2019-12-17 23:44:55,596 [Worker-12: Download sources and javadoc] INFO  o.e.m.c.i.e.AbstractTransferListenerAdapter - Downloading https://repo.spring.io/libs-milestone/org/codehaus/jackson/jackson-core-asl/1.9.11/jackson-core-asl-1.9.11-sources.jar
2019-12-17 23:44:56,372 [Worker-12: Download sources and javadoc] INFO  o.e.m.c.i.e.AbstractTransferListenerAdapter - Downloaded https://repo.spring.io/libs-milestone/org/codehaus/jackson/jackson-core-asl/1.9.11/jackson-core-asl-1.9.11-sources.jar
2019-12-17 23:44:56,429 [Worker-12: Download sources and javadoc] INFO  o.e.m.j.internal.DownloadSourcesJob - Downloaded sources for org.codehaus.jackson:jackson-core-asl:1.9.11
2019-12-17 23:44:56,804 [Worker-12: Download sources and javadoc] INFO  o.e.m.c.i.e.AbstractTransferListenerAdapter - Downloading https://repo.spring.io/libs-milestone/com/google/api/gax-httpjson/0.45.0/gax-httpjson-0.45.0-sources.jar
2019-12-17 23:44:57,348 [Worker-12: Download sources and javadoc] INFO  o.e.m.c.i.e.AbstractTransferListenerAdapter - Downloaded https://repo.spring.io/libs-milestone/com/google/api/gax-httpjson/0.45.0/gax-httpjson-0.45.0-sources.jar
2019-12-17 23:44:57,531 [Worker-12: Download sources and javadoc] INFO  o.e.m.j.internal.DownloadSourcesJob - Downloaded sources for com.google.api:gax-httpjson:0.45.0
2019-12-17 23:44:58,064 [Worker-12: Download sources and javadoc] INFO  o.e.m.c.i.e.AbstractTransferListenerAdapter - Downloading https://repo.spring.io/libs-milestone/io/opencensus/opencensus-contrib-http-util/0.11.1/opencensus-contrib-http-util-0.11.1-sources.jar
2019-12-17 23:44:58,486 [Worker-12: Download sources and javadoc] INFO  o.e.m.c.i.e.AbstractTransferListenerAdapter - Downloaded https://repo.spring.io/libs-milestone/io/opencensus/opencensus-contrib-http-util/0.11.1/opencensus-contrib-http-util-0.11.1-sources.jar
2019-12-17 23:44:58,668 [Worker-12: Download sources and javadoc] INFO  o.e.m.j.internal.DownloadSourcesJob - Downloaded sources for io.opencensus:opencensus-contrib-http-util:0.11.1
2019-12-17 23:44:59,124 [Worker-12: Download sources and javadoc] INFO  o.e.m.c.i.e.AbstractTransferListenerAdapter - Downloading https://repo.spring.io/libs-milestone/com/google/apis/google-api-services-storage/v1-rev131-1.23.0/google-api-services-storage-v1-rev131-1.23.0-sources.jar
2019-12-17 23:45:00,260 [Worker-12: Download sources and javadoc] INFO  o.e.m.c.i.e.AbstractTransferListenerAdapter - Downloaded https://repo.spring.io/libs-milestone/com/google/apis/google-api-services-storage/v1-rev131-1.23.0/google-api-services-storage-v1-rev131-1.23.0-sources.jar
2019-12-17 23:45:00,328 [Worker-12: Download sources and javadoc] INFO  o.e.m.j.internal.DownloadSourcesJob - Downloaded sources for com.google.apis:google-api-services-storage:v1-rev131-1.23.0
2019-12-17 23:45:01,531 [Worker-12: Building workspace] INFO  o.e.m.c.i.embedder.EclipseLogger - Using 'UTF-8' encoding to copy filtered resources.
2019-12-17 23:45:01,532 [Worker-12: Building workspace] INFO  o.e.m.c.i.embedder.EclipseLogger - skip non existing resourceDirectory C:\gcp_wrksp\gcp-project\gcp-backend\..\angular8-springboot\dist\angular8-springboot
2019-12-17 23:45:01,535 [Worker-12: Building workspace] INFO  o.e.m.c.i.embedder.EclipseLogger - Using 'UTF-8' encoding to copy filtered resources.
2019-12-17 23:45:01,537 [Worker-12: Building workspace] INFO  o.e.m.c.i.embedder.EclipseLogger - Copying 0 resource
2019-12-17 23:45:01,537 [Worker-12: Building workspace] INFO  o.e.m.c.i.embedder.EclipseLogger - Copying 0 resource
2019-12-17 23:45:01,540 [Worker-12: Building workspace] INFO  o.e.m.c.i.embedder.EclipseLogger - Using 'UTF-8' encoding to copy filtered resources.
2019-12-17 23:45:01,540 [Worker-12: Building workspace] INFO  o.e.m.c.i.embedder.EclipseLogger - skip non existing resourceDirectory C:\gcp_wrksp\gcp-project\gcp-backend\src\test\resources
2019-12-17 23:45:56,353 [Worker-18: Building workspace] INFO  o.e.m.c.i.embedder.EclipseLogger - Using 'UTF-8' encoding to copy filtered resources.
2019-12-17 23:45:56,353 [Worker-18: Building workspace] INFO  o.e.m.c.i.embedder.EclipseLogger - skip non existing resourceDirectory C:\gcp_wrksp\gcp-project\gcp-backend\..\angular8-springboot\dist\angular8-springboot
2019-12-17 23:45:56,357 [Worker-18: Building workspace] INFO  o.e.m.c.i.embedder.EclipseLogger - Using 'UTF-8' encoding to copy filtered resources.
2019-12-17 23:45:56,360 [Worker-18: Building workspace] INFO  o.e.m.c.i.embedder.EclipseLogger - Copying 1 resource
2019-12-17 23:45:56,373 [Worker-18: Building workspace] INFO  o.e.m.c.i.embedder.EclipseLogger - Copying 0 resource
2019-12-17 23:45:56,378 [Worker-18: Building workspace] INFO  o.e.m.c.i.embedder.EclipseLogger - Using 'UTF-8' encoding to copy filtered resources.
2019-12-17 23:45:56,378 [Worker-18: Building workspace] INFO  o.e.m.c.i.embedder.EclipseLogger - skip non existing resourceDirectory C:\gcp_wrksp\gcp-project\gcp-backend\src\test\resources
2019-12-17 23:46:06,030 [Worker-18: Updating Maven Project] INFO  o.e.m.c.i.p.ProjectConfigurationManager - Update started
2019-12-17 23:46:06,865 [Worker-18: Updating Maven Project] INFO  o.e.m.c.i.l.LifecycleMappingFactory - Using org.maven.ide.eclipse.wtp.WarLifecycleMapping lifecycle mapping for MavenProject: gcp-backend-application:gcp-backend:0.0.1-SNAPSHOT @ C:\gcp_wrksp\gcp-project\gcp-backend\pom.xml.
2019-12-17 23:46:09,163 [Worker-18: Updating Maven Project] INFO  o.e.m.j.i.AbstractJavaProjectConfigurator - Adding source folder /gcp-backend/src/main/java
2019-12-17 23:46:09,164 [Worker-18: Updating Maven Project] INFO  o.e.m.j.i.AbstractJavaProjectConfigurator - Adding resource folder /gcp-backend/src/main/resources
2019-12-17 23:46:09,165 [Worker-18: Updating Maven Project] INFO  o.e.m.j.i.AbstractJavaProjectConfigurator - Adding resource folder /gcp-backend/src/main/resources
2019-12-17 23:46:09,166 [Worker-18: Updating Maven Project] INFO  o.e.m.j.i.AbstractJavaProjectConfigurator - Adding source folder /gcp-backend/src/test/java
2019-12-17 23:46:10,372 [Worker-18: Updating Maven Project] INFO  o.e.m.w.i.f.ResourceFilteringBuildParticipant - Cleaning filtered folder for gcp-backend
2019-12-17 23:46:10,397 [Worker-18: Updating Maven Project] INFO  o.e.m.c.i.p.ProjectConfigurationManager - Update completed: 4 sec
2019-12-17 23:46:12,492 [Worker-15: Building workspace] INFO  o.e.m.c.i.embedder.EclipseLogger - Using 'UTF-8' encoding to copy filtered resources.
2019-12-17 23:46:12,493 [Worker-15: Building workspace] INFO  o.e.m.c.i.embedder.EclipseLogger - skip non existing resourceDirectory C:\gcp_wrksp\gcp-project\gcp-backend\..\angular8-springboot\dist\angular8-springboot
2019-12-17 23:46:12,496 [Worker-15: Building workspace] INFO  o.e.m.c.i.embedder.EclipseLogger - Using 'UTF-8' encoding to copy filtered resources.
2019-12-17 23:46:12,496 [Worker-15: Building workspace] INFO  o.e.m.c.i.embedder.EclipseLogger - Copying 2 resources
2019-12-17 23:46:12,517 [Worker-15: Building workspace] INFO  o.e.m.c.i.embedder.EclipseLogger - Copying 22 resources
2019-12-17 23:46:12,592 [Worker-15: Building workspace] INFO  o.e.m.c.i.embedder.EclipseLogger - Using 'UTF-8' encoding to copy filtered resources.
2019-12-17 23:46:12,593 [Worker-15: Building workspace] INFO  o.e.m.c.i.embedder.EclipseLogger - skip non existing resourceDirectory C:\gcp_wrksp\gcp-project\gcp-backend\src\test\resources
2019-12-17 23:46:12,593 [Worker-15: Building workspace] INFO  o.e.m.w.i.f.ResourceFilteringBuildParticipant - Changed resources require a complete clean of filtered resources of gcp-backend
2019-12-17 23:46:12,593 [Worker-15: Building workspace] INFO  o.e.m.w.i.f.ResourceFilteringBuildParticipant - Executing resource filtering for gcp-backend
2019-12-17 23:46:12,596 [Worker-15: Building workspace] INFO  o.e.m.c.i.embedder.EclipseLogger - Using 'UTF-8' encoding to copy filtered resources.
2019-12-17 23:46:26,739 [main] INFO  o.e.m2e.actions.ExecutePomAction - Creating new launch configuration
2019-12-17 23:46:37,762 [Worker-16: Launching gcp-backend] INFO  o.e.m.i.launch.MavenLaunchDelegate - C:\gcp_wrksp\gcp-project\gcp-backend
2019-12-17 23:46:37,763 [Worker-16: Launching gcp-backend] INFO  o.e.m.i.launch.MavenLaunchDelegate -  mvn -B clean install
2019-12-17 23:47:51,235 [Worker-12: Building workspace] INFO  o.e.m.c.i.embedder.EclipseLogger - Using 'UTF-8' encoding to copy filtered resources.
2019-12-17 23:47:51,235 [Worker-12: Building workspace] INFO  o.e.m.c.i.embedder.EclipseLogger - skip non existing resourceDirectory C:\gcp_wrksp\gcp-project\gcp-backend\..\angular8-springboot\dist\angular8-springboot
2019-12-17 23:47:51,240 [Worker-12: Building workspace] INFO  o.e.m.c.i.embedder.EclipseLogger - Using 'UTF-8' encoding to copy filtered resources.
2019-12-17 23:47:51,248 [Worker-12: Building workspace] INFO  o.e.m.c.i.embedder.EclipseLogger - Copying 2 resources
2019-12-17 23:47:51,260 [Worker-12: Building workspace] INFO  o.e.m.c.i.embedder.EclipseLogger - Copying 22 resources
2019-12-17 23:47:51,382 [Worker-12: Building workspace] INFO  o.e.m.c.i.embedder.EclipseLogger - Using 'UTF-8' encoding to copy filtered resources.
2019-12-17 23:47:51,382 [Worker-12: Building workspace] INFO  o.e.m.c.i.embedder.EclipseLogger - skip non existing resourceDirectory C:\gcp_wrksp\gcp-project\gcp-backend\src\test\resources
2019-12-17 23:47:59,040 [Worker-17: Building workspace] INFO  o.e.m.c.i.embedder.EclipseLogger - Using 'UTF-8' encoding to copy filtered resources.
2019-12-17 23:47:59,041 [Worker-17: Building workspace] INFO  o.e.m.c.i.embedder.EclipseLogger - skip non existing resourceDirectory C:\gcp_wrksp\gcp-project\gcp-backend\..\angular8-springboot\dist\angular8-springboot
2019-12-17 23:47:59,043 [Worker-17: Building workspace] INFO  o.e.m.c.i.embedder.EclipseLogger - Using 'UTF-8' encoding to copy filtered resources.
2019-12-17 23:47:59,050 [Worker-17: Building workspace] INFO  o.e.m.c.i.embedder.EclipseLogger - Copying 2 resources
2019-12-17 23:47:59,062 [Worker-17: Building workspace] INFO  o.e.m.c.i.embedder.EclipseLogger - Copying 22 resources
2019-12-17 23:47:59,178 [Worker-17: Building workspace] INFO  o.e.m.c.i.embedder.EclipseLogger - Using 'UTF-8' encoding to copy filtered resources.
2019-12-17 23:47:59,178 [Worker-17: Building workspace] INFO  o.e.m.c.i.embedder.EclipseLogger - skip non existing resourceDirectory C:\gcp_wrksp\gcp-project\gcp-backend\src\test\resources
2019-12-17 23:48:14,305 [main] INFO  o.e.m2e.actions.ExecutePomAction - Using existing launch configuration
2019-12-17 23:48:14,501 [Worker-18: Launching gcp-backend] INFO  o.e.m.i.launch.MavenLaunchDelegate - C:\gcp_wrksp\gcp-project\gcp-backend
2019-12-17 23:48:14,501 [Worker-18: Launching gcp-backend] INFO  o.e.m.i.launch.MavenLaunchDelegate -  mvn -B clean install
2019-12-17 23:50:24,642 [Worker-19: Building workspace] INFO  o.e.m.c.i.embedder.EclipseLogger - Using 'UTF-8' encoding to copy filtered resources.
2019-12-17 23:50:24,642 [Worker-19: Building workspace] INFO  o.e.m.c.i.embedder.EclipseLogger - skip non existing resourceDirectory C:\gcp_wrksp\gcp-project\gcp-backend\..\angular8-springboot\dist\angular8-springboot
2019-12-17 23:50:24,644 [Worker-19: Building workspace] INFO  o.e.m.c.i.embedder.EclipseLogger - Using 'UTF-8' encoding to copy filtered resources.
2019-12-17 23:50:24,657 [Worker-19: Building workspace] INFO  o.e.m.c.i.embedder.EclipseLogger - Copying 2 resources
2019-12-17 23:50:24,671 [Worker-19: Building workspace] INFO  o.e.m.c.i.embedder.EclipseLogger - Copying 22 resources
2019-12-17 23:50:24,683 [Worker-19: Building workspace] INFO  o.e.m.c.i.embedder.EclipseLogger - Using 'UTF-8' encoding to copy filtered resources.
2019-12-17 23:50:24,684 [Worker-19: Building workspace] INFO  o.e.m.c.i.embedder.EclipseLogger - skip non existing resourceDirectory C:\gcp_wrksp\gcp-project\gcp-backend\src\test\resources
2019-12-17 23:50:25,756 [Worker-19: Building workspace] INFO  o.e.m.c.i.embedder.EclipseLogger - Using 'UTF-8' encoding to copy filtered resources.
2019-12-17 23:50:25,756 [Worker-19: Building workspace] INFO  o.e.m.c.i.embedder.EclipseLogger - skip non existing resourceDirectory C:\gcp_wrksp\gcp-project\gcp-backend\..\angular8-springboot\dist\angular8-springboot
2019-12-17 23:50:25,759 [Worker-19: Building workspace] INFO  o.e.m.c.i.embedder.EclipseLogger - Using 'UTF-8' encoding to copy filtered resources.
2019-12-17 23:50:25,764 [Worker-19: Building workspace] INFO  o.e.m.c.i.embedder.EclipseLogger - Copying 2 resources
2019-12-17 23:50:25,772 [Worker-19: Building workspace] INFO  o.e.m.c.i.embedder.EclipseLogger - Copying 22 resources
2019-12-17 23:50:25,781 [Worker-19: Building workspace] INFO  o.e.m.c.i.embedder.EclipseLogger - Using 'UTF-8' encoding to copy filtered resources.
2019-12-17 23:50:25,782 [Worker-19: Building workspace] INFO  o.e.m.c.i.embedder.EclipseLogger - skip non existing resourceDirectory C:\gcp_wrksp\gcp-project\gcp-backend\src\test\resources
2019-12-17 23:50:33,526 [Worker-18: Updating Maven Project] INFO  o.e.m.c.i.p.ProjectConfigurationManager - Update started
2019-12-17 23:50:34,452 [Worker-18: Updating Maven Project] INFO  o.e.m.c.i.l.LifecycleMappingFactory - Using org.maven.ide.eclipse.wtp.WarLifecycleMapping lifecycle mapping for MavenProject: gcp-backend-application:gcp-backend:0.0.1-SNAPSHOT @ C:\gcp_wrksp\gcp-project\gcp-backend\pom.xml.
2019-12-17 23:50:38,915 [Worker-18: Updating Maven Project] INFO  o.e.m.j.i.AbstractJavaProjectConfigurator - Adding source folder /gcp-backend/src/main/java
2019-12-17 23:50:38,916 [Worker-18: Updating Maven Project] INFO  o.e.m.j.i.AbstractJavaProjectConfigurator - Adding resource folder /gcp-backend/src/main/resources
2019-12-17 23:50:38,916 [Worker-18: Updating Maven Project] INFO  o.e.m.j.i.AbstractJavaProjectConfigurator - Adding resource folder /gcp-backend/src/main/resources
2019-12-17 23:50:38,954 [Worker-18: Updating Maven Project] INFO  o.e.m.j.i.AbstractJavaProjectConfigurator - Adding source folder /gcp-backend/src/test/java
2019-12-17 23:50:40,149 [Worker-18: Updating Maven Project] INFO  o.e.m.w.i.f.ResourceFilteringBuildParticipant - Cleaning filtered folder for gcp-backend
2019-12-17 23:50:40,153 [Worker-18: Updating Maven Project] INFO  o.e.m.c.i.p.ProjectConfigurationManager - Update completed: 6 sec
2019-12-17 23:50:44,905 [Worker-15: Building workspace] INFO  o.e.m.c.i.embedder.EclipseLogger - Using 'UTF-8' encoding to copy filtered resources.
2019-12-17 23:50:44,906 [Worker-15: Building workspace] INFO  o.e.m.c.i.embedder.EclipseLogger - skip non existing resourceDirectory C:\gcp_wrksp\gcp-project\gcp-backend\..\angular8-springboot\dist\angular8-springboot
2019-12-17 23:50:44,908 [Worker-15: Building workspace] INFO  o.e.m.c.i.embedder.EclipseLogger - Using 'UTF-8' encoding to copy filtered resources.
2019-12-17 23:50:44,908 [Worker-15: Building workspace] INFO  o.e.m.c.i.embedder.EclipseLogger - Copying 1 resource
2019-12-17 23:50:44,928 [Worker-15: Building workspace] INFO  o.e.m.c.i.embedder.EclipseLogger - Copying 22 resources
2019-12-17 23:50:45,013 [Worker-15: Building workspace] INFO  o.e.m.c.i.embedder.EclipseLogger - Using 'UTF-8' encoding to copy filtered resources.
2019-12-17 23:50:45,013 [Worker-15: Building workspace] INFO  o.e.m.c.i.embedder.EclipseLogger - skip non existing resourceDirectory C:\gcp_wrksp\gcp-project\gcp-backend\src\test\resources
2019-12-17 23:50:45,013 [Worker-15: Building workspace] INFO  o.e.m.w.i.f.ResourceFilteringBuildParticipant - Changed resources require a complete clean of filtered resources of gcp-backend
2019-12-17 23:50:45,014 [Worker-15: Building workspace] INFO  o.e.m.w.i.f.ResourceFilteringBuildParticipant - Executing resource filtering for gcp-backend
2019-12-17 23:50:45,016 [Worker-15: Building workspace] INFO  o.e.m.c.i.embedder.EclipseLogger - Using 'UTF-8' encoding to copy filtered resources.
2019-12-17 23:50:55,916 [main] INFO  o.e.m2e.actions.ExecutePomAction - Using existing launch configuration
2019-12-17 23:50:58,337 [Worker-24: Launching gcp-backend] INFO  o.e.m.i.launch.MavenLaunchDelegate - C:\gcp_wrksp\gcp-project\gcp-backend
2019-12-17 23:50:58,338 [Worker-24: Launching gcp-backend] INFO  o.e.m.i.launch.MavenLaunchDelegate -  mvn -B clean install
2019-12-17 23:50:58,521 [Worker-24: Building workspace] INFO  o.e.m.c.i.embedder.EclipseLogger - Using 'UTF-8' encoding to copy filtered resources.
2019-12-17 23:50:58,521 [Worker-24: Building workspace] INFO  o.e.m.c.i.embedder.EclipseLogger - skip non existing resourceDirectory C:\gcp_wrksp\gcp-project\gcp-backend\..\angular8-springboot\dist\angular8-springboot
2019-12-17 23:50:58,524 [Worker-24: Building workspace] INFO  o.e.m.c.i.embedder.EclipseLogger - Using 'UTF-8' encoding to copy filtered resources.
2019-12-17 23:50:58,528 [Worker-24: Building workspace] INFO  o.e.m.c.i.embedder.EclipseLogger - Copying 1 resource
2019-12-17 23:50:58,535 [Worker-24: Building workspace] INFO  o.e.m.c.i.embedder.EclipseLogger - Copying 0 resource
2019-12-17 23:50:58,538 [Worker-24: Building workspace] INFO  o.e.m.c.i.embedder.EclipseLogger - Using 'UTF-8' encoding to copy filtered resources.
2019-12-17 23:50:58,538 [Worker-24: Building workspace] INFO  o.e.m.c.i.embedder.EclipseLogger - skip non existing resourceDirectory C:\gcp_wrksp\gcp-project\gcp-backend\src\test\resources
2019-12-17 23:52:39,380 [Worker-23: Building workspace] INFO  o.e.m.c.i.l.LifecycleMappingFactory - Using org.maven.ide.eclipse.wtp.WarLifecycleMapping lifecycle mapping for MavenProject: gcp-backend-application:gcp-backend:0.0.1-SNAPSHOT @ C:\gcp_wrksp\gcp-project\gcp-backend\pom.xml.
2019-12-17 23:52:42,259 [Worker-23: Building workspace] INFO  o.e.m.c.i.embedder.EclipseLogger - Using 'UTF-8' encoding to copy filtered resources.
2019-12-17 23:52:42,259 [Worker-23: Building workspace] INFO  o.e.m.c.i.embedder.EclipseLogger - skip non existing resourceDirectory C:\gcp_wrksp\gcp-project\gcp-backend\..\angular8-springboot\dist\angular8-springboot
2019-12-17 23:52:42,262 [Worker-23: Building workspace] INFO  o.e.m.c.i.embedder.EclipseLogger - Using 'UTF-8' encoding to copy filtered resources.
2019-12-17 23:52:42,267 [Worker-23: Building workspace] INFO  o.e.m.c.i.embedder.EclipseLogger - Copying 0 resource
2019-12-17 23:52:42,268 [Worker-23: Building workspace] INFO  o.e.m.c.i.embedder.EclipseLogger - Copying 0 resource
2019-12-17 23:52:42,271 [Worker-23: Building workspace] INFO  o.e.m.c.i.embedder.EclipseLogger - Using 'UTF-8' encoding to copy filtered resources.
2019-12-17 23:52:42,271 [Worker-23: Building workspace] INFO  o.e.m.c.i.embedder.EclipseLogger - skip non existing resourceDirectory C:\gcp_wrksp\gcp-project\gcp-backend\src\test\resources
2019-12-17 23:52:42,272 [Worker-23: Building workspace] INFO  o.e.m.w.i.f.ResourceFilteringBuildParticipant - Changed resources require a complete clean of filtered resources of gcp-backend
2019-12-17 23:52:42,272 [Worker-23: Building workspace] INFO  o.e.m.w.i.f.ResourceFilteringBuildParticipant - Executing resource filtering for gcp-backend
2019-12-17 23:52:42,276 [Worker-23: Building workspace] INFO  o.e.m.c.i.embedder.EclipseLogger - Using 'UTF-8' encoding to copy filtered resources.
2019-12-17 23:52:44,297 [Worker-18: Building workspace] INFO  o.e.m.c.i.embedder.EclipseLogger - Using 'UTF-8' encoding to copy filtered resources.
2019-12-17 23:52:44,297 [Worker-18: Building workspace] INFO  o.e.m.c.i.embedder.EclipseLogger - skip non existing resourceDirectory C:\gcp_wrksp\gcp-project\gcp-backend\..\angular8-springboot\dist\angular8-springboot
2019-12-17 23:52:44,300 [Worker-18: Building workspace] INFO  o.e.m.c.i.embedder.EclipseLogger - Using 'UTF-8' encoding to copy filtered resources.
2019-12-17 23:52:44,310 [Worker-18: Building workspace] INFO  o.e.m.c.i.embedder.EclipseLogger - Copying 1 resource
2019-12-17 23:52:44,339 [Worker-18: Building workspace] INFO  o.e.m.c.i.embedder.EclipseLogger - Copying 22 resources
2019-12-17 23:52:44,435 [Worker-18: Building workspace] INFO  o.e.m.c.i.embedder.EclipseLogger - Using 'UTF-8' encoding to copy filtered resources.
2019-12-17 23:52:44,435 [Worker-18: Building workspace] INFO  o.e.m.c.i.embedder.EclipseLogger - skip non existing resourceDirectory C:\gcp_wrksp\gcp-project\gcp-backend\src\test\resources
2019-12-17 23:52:45,578 [Worker-15: Building workspace] INFO  o.e.m.c.i.embedder.EclipseLogger - Using 'UTF-8' encoding to copy filtered resources.
2019-12-17 23:52:45,578 [Worker-15: Building workspace] INFO  o.e.m.c.i.embedder.EclipseLogger - skip non existing resourceDirectory C:\gcp_wrksp\gcp-project\gcp-backend\..\angular8-springboot\dist\angular8-springboot
2019-12-17 23:52:45,580 [Worker-15: Building workspace] INFO  o.e.m.c.i.embedder.EclipseLogger - Using 'UTF-8' encoding to copy filtered resources.
2019-12-17 23:52:45,581 [Worker-15: Building workspace] INFO  o.e.m.c.i.embedder.EclipseLogger - Copying 0 resource
2019-12-17 23:52:45,582 [Worker-15: Building workspace] INFO  o.e.m.c.i.embedder.EclipseLogger - Copying 0 resource
2019-12-17 23:52:45,584 [Worker-15: Building workspace] INFO  o.e.m.c.i.embedder.EclipseLogger - Using 'UTF-8' encoding to copy filtered resources.
2019-12-17 23:52:45,584 [Worker-15: Building workspace] INFO  o.e.m.c.i.embedder.EclipseLogger - skip non existing resourceDirectory C:\gcp_wrksp\gcp-project\gcp-backend\src\test\resources
2019-12-17 23:52:49,604 [Worker-18: Updating Maven Project] INFO  o.e.m.c.i.p.ProjectConfigurationManager - Update started
2019-12-17 23:52:50,393 [Worker-18: Updating Maven Project] INFO  o.e.m.c.i.l.LifecycleMappingFactory - Using org.maven.ide.eclipse.wtp.WarLifecycleMapping lifecycle mapping for MavenProject: gcp-backend-application:gcp-backend:0.0.1-SNAPSHOT @ C:\gcp_wrksp\gcp-project\gcp-backend\pom.xml.
2019-12-17 23:52:52,283 [Worker-18: Updating Maven Project] INFO  o.e.m.j.i.AbstractJavaProjectConfigurator - Adding source folder /gcp-backend/src/main/java
2019-12-17 23:52:52,283 [Worker-18: Updating Maven Project] INFO  o.e.m.j.i.AbstractJavaProjectConfigurator - Adding resource folder /gcp-backend/src/main/resources
2019-12-17 23:52:52,284 [Worker-18: Updating Maven Project] INFO  o.e.m.j.i.AbstractJavaProjectConfigurator - Adding resource folder /gcp-backend/src/main/resources
2019-12-17 23:52:52,285 [Worker-18: Updating Maven Project] INFO  o.e.m.j.i.AbstractJavaProjectConfigurator - Adding source folder /gcp-backend/src/test/java
2019-12-17 23:52:53,127 [Worker-18: Updating Maven Project] INFO  o.e.m.w.i.f.ResourceFilteringBuildParticipant - Cleaning filtered folder for gcp-backend
2019-12-17 23:52:53,137 [Worker-18: Updating Maven Project] INFO  o.e.m.c.i.p.ProjectConfigurationManager - Update completed: 3 sec
2019-12-17 23:52:55,831 [Worker-15: Building workspace] INFO  o.e.m.c.i.embedder.EclipseLogger - Using 'UTF-8' encoding to copy filtered resources.
2019-12-17 23:52:55,831 [Worker-15: Building workspace] INFO  o.e.m.c.i.embedder.EclipseLogger - skip non existing resourceDirectory C:\gcp_wrksp\gcp-project\gcp-backend\..\angular8-springboot\dist\angular8-springboot
2019-12-17 23:52:55,837 [Worker-15: Building workspace] INFO  o.e.m.c.i.embedder.EclipseLogger - Using 'UTF-8' encoding to copy filtered resources.
2019-12-17 23:52:55,838 [Worker-15: Building workspace] INFO  o.e.m.c.i.embedder.EclipseLogger - Copying 1 resource
2019-12-17 23:52:55,860 [Worker-15: Building workspace] INFO  o.e.m.c.i.embedder.EclipseLogger - Copying 22 resources
2019-12-17 23:52:55,949 [Worker-15: Building workspace] INFO  o.e.m.c.i.embedder.EclipseLogger - Using 'UTF-8' encoding to copy filtered resources.
2019-12-17 23:52:55,949 [Worker-15: Building workspace] INFO  o.e.m.c.i.embedder.EclipseLogger - skip non existing resourceDirectory C:\gcp_wrksp\gcp-project\gcp-backend\src\test\resources
2019-12-17 23:52:55,950 [Worker-15: Building workspace] INFO  o.e.m.w.i.f.ResourceFilteringBuildParticipant - Changed resources require a complete clean of filtered resources of gcp-backend
2019-12-17 23:52:55,950 [Worker-15: Building workspace] INFO  o.e.m.w.i.f.ResourceFilteringBuildParticipant - Executing resource filtering for gcp-backend
2019-12-17 23:52:55,954 [Worker-15: Building workspace] INFO  o.e.m.c.i.embedder.EclipseLogger - Using 'UTF-8' encoding to copy filtered resources.
2019-12-17 23:53:01,084 [main] INFO  o.e.m2e.actions.ExecutePomAction - Using existing launch configuration
2019-12-17 23:53:01,283 [Worker-19: Launching gcp-backend] INFO  o.e.m.i.launch.MavenLaunchDelegate - C:\gcp_wrksp\gcp-project\gcp-backend
2019-12-17 23:53:01,283 [Worker-19: Launching gcp-backend] INFO  o.e.m.i.launch.MavenLaunchDelegate -  mvn -B clean install
2019-12-17 23:54:43,789 [Worker-16: Building workspace] INFO  o.e.m.c.i.embedder.EclipseLogger - Using 'UTF-8' encoding to copy filtered resources.
2019-12-17 23:54:43,790 [Worker-16: Building workspace] INFO  o.e.m.c.i.embedder.EclipseLogger - skip non existing resourceDirectory C:\gcp_wrksp\gcp-project\gcp-backend\..\angular8-springboot\dist\angular8-springboot
2019-12-17 23:54:43,793 [Worker-16: Building workspace] INFO  o.e.m.c.i.embedder.EclipseLogger - Using 'UTF-8' encoding to copy filtered resources.
2019-12-17 23:54:43,797 [Worker-16: Building workspace] INFO  o.e.m.c.i.embedder.EclipseLogger - Copying 1 resource
2019-12-17 23:54:43,802 [Worker-16: Building workspace] INFO  o.e.m.c.i.embedder.EclipseLogger - Copying 0 resource
2019-12-17 23:54:43,805 [Worker-16: Building workspace] INFO  o.e.m.c.i.embedder.EclipseLogger - Using 'UTF-8' encoding to copy filtered resources.
2019-12-17 23:54:43,805 [Worker-16: Building workspace] INFO  o.e.m.c.i.embedder.EclipseLogger - skip non existing resourceDirectory C:\gcp_wrksp\gcp-project\gcp-backend\src\test\resources
2019-12-17 23:55:28,192 [Worker-22: Building workspace] INFO  o.e.m.c.i.embedder.EclipseLogger - Using 'UTF-8' encoding to copy filtered resources.
2019-12-17 23:55:28,192 [Worker-22: Building workspace] INFO  o.e.m.c.i.embedder.EclipseLogger - skip non existing resourceDirectory C:\gcp_wrksp\gcp-project\gcp-backend\..\angular8-springboot\dist\angular8-springboot
2019-12-17 23:55:28,196 [Worker-22: Building workspace] INFO  o.e.m.c.i.embedder.EclipseLogger - Using 'UTF-8' encoding to copy filtered resources.
2019-12-17 23:55:28,196 [Worker-22: Building workspace] INFO  o.e.m.c.i.embedder.EclipseLogger - Copying 1 resource
2019-12-17 23:55:28,202 [Worker-22: Building workspace] INFO  o.e.m.c.i.embedder.EclipseLogger - Copying 0 resource
2019-12-17 23:55:28,208 [Worker-22: Building workspace] INFO  o.e.m.c.i.embedder.EclipseLogger - Using 'UTF-8' encoding to copy filtered resources.
2019-12-17 23:55:28,208 [Worker-22: Building workspace] INFO  o.e.m.c.i.embedder.EclipseLogger - skip non existing resourceDirectory C:\gcp_wrksp\gcp-project\gcp-backend\src\test\resources
2019-12-17 23:55:38,366 [Worker-15: Updating Maven Project] INFO  o.e.m.c.i.p.ProjectConfigurationManager - Update started
2019-12-17 23:55:39,402 [Worker-15: Updating Maven Project] INFO  o.e.m.c.i.l.LifecycleMappingFactory - Using org.maven.ide.eclipse.wtp.WarLifecycleMapping lifecycle mapping for MavenProject: gcp-backend-application:gcp-backend:0.0.1-SNAPSHOT @ C:\gcp_wrksp\gcp-project\gcp-backend\pom.xml.
2019-12-17 23:55:42,979 [Worker-15: Updating Maven Project] INFO  o.e.m.j.i.AbstractJavaProjectConfigurator - Adding source folder /gcp-backend/src/main/java
2019-12-17 23:55:42,980 [Worker-15: Updating Maven Project] INFO  o.e.m.j.i.AbstractJavaProjectConfigurator - Adding resource folder /gcp-backend/src/main/resources
2019-12-17 23:55:42,981 [Worker-15: Updating Maven Project] INFO  o.e.m.j.i.AbstractJavaProjectConfigurator - Adding resource folder /gcp-backend/src/main/resources
2019-12-17 23:55:42,982 [Worker-15: Updating Maven Project] INFO  o.e.m.j.i.AbstractJavaProjectConfigurator - Adding source folder /gcp-backend/src/test/java
2019-12-17 23:55:44,311 [Worker-15: Updating Maven Project] INFO  o.e.m.w.i.f.ResourceFilteringBuildParticipant - Cleaning filtered folder for gcp-backend
2019-12-17 23:55:44,318 [Worker-15: Updating Maven Project] INFO  o.e.m.c.i.p.ProjectConfigurationManager - Update completed: 5 sec
2019-12-17 23:55:44,991 [Worker-17: Building workspace] INFO  o.e.m.c.i.embedder.EclipseLogger - Using 'UTF-8' encoding to copy filtered resources.
2019-12-17 23:55:44,991 [Worker-17: Building workspace] INFO  o.e.m.c.i.embedder.EclipseLogger - skip non existing resourceDirectory C:\gcp_wrksp\gcp-project\gcp-backend\..\angular8-springboot\dist\angular8-springboot
2019-12-17 23:55:44,994 [Worker-17: Building workspace] INFO  o.e.m.c.i.embedder.EclipseLogger - Using 'UTF-8' encoding to copy filtered resources.
2019-12-17 23:55:44,994 [Worker-17: Building workspace] INFO  o.e.m.c.i.embedder.EclipseLogger - Copying 2 resources
2019-12-17 23:55:45,014 [Worker-17: Building workspace] INFO  o.e.m.c.i.embedder.EclipseLogger - Copying 22 resources
2019-12-17 23:55:45,102 [Worker-17: Building workspace] INFO  o.e.m.c.i.embedder.EclipseLogger - Using 'UTF-8' encoding to copy filtered resources.
2019-12-17 23:55:45,102 [Worker-17: Building workspace] INFO  o.e.m.c.i.embedder.EclipseLogger - skip non existing resourceDirectory C:\gcp_wrksp\gcp-project\gcp-backend\src\test\resources
2019-12-17 23:55:45,103 [Worker-17: Building workspace] INFO  o.e.m.w.i.f.ResourceFilteringBuildParticipant - Changed resources require a complete clean of filtered resources of gcp-backend
2019-12-17 23:55:45,103 [Worker-17: Building workspace] INFO  o.e.m.w.i.f.ResourceFilteringBuildParticipant - Executing resource filtering for gcp-backend
2019-12-17 23:55:45,107 [Worker-17: Building workspace] INFO  o.e.m.c.i.embedder.EclipseLogger - Using 'UTF-8' encoding to copy filtered resources.
2019-12-17 23:55:51,967 [main] INFO  o.e.m2e.actions.ExecutePomAction - Using existing launch configuration
2019-12-17 23:55:51,982 [Worker-12: Launching gcp-backend] INFO  o.e.m.i.launch.MavenLaunchDelegate - C:\gcp_wrksp\gcp-project\gcp-backend
2019-12-17 23:55:51,982 [Worker-12: Launching gcp-backend] INFO  o.e.m.i.launch.MavenLaunchDelegate -  mvn -B clean install
2019-12-17 23:56:03,704 [main] INFO  o.e.m2e.actions.ExecutePomAction - Using existing launch configuration
2019-12-17 23:56:03,931 [Worker-17: Launching gcp-backend] INFO  o.e.m.i.launch.MavenLaunchDelegate - C:\gcp_wrksp\gcp-project\gcp-backend
2019-12-17 23:56:03,931 [Worker-17: Launching gcp-backend] INFO  o.e.m.i.launch.MavenLaunchDelegate -  mvn -B clean install
2019-12-17 23:57:33,634 [Worker-16: Building workspace] INFO  o.e.m.c.i.embedder.EclipseLogger - Using 'UTF-8' encoding to copy filtered resources.
2019-12-17 23:57:33,634 [Worker-16: Building workspace] INFO  o.e.m.c.i.embedder.EclipseLogger - skip non existing resourceDirectory C:\gcp_wrksp\gcp-project\gcp-backend\..\angular8-springboot\dist\angular8-springboot
2019-12-17 23:57:33,636 [Worker-16: Building workspace] INFO  o.e.m.c.i.embedder.EclipseLogger - Using 'UTF-8' encoding to copy filtered resources.
2019-12-17 23:57:33,642 [Worker-16: Building workspace] INFO  o.e.m.c.i.embedder.EclipseLogger - Copying 1 resource
2019-12-17 23:57:33,647 [Worker-16: Building workspace] INFO  o.e.m.c.i.embedder.EclipseLogger - Copying 0 resource
2019-12-17 23:57:33,651 [Worker-16: Building workspace] INFO  o.e.m.c.i.embedder.EclipseLogger - Using 'UTF-8' encoding to copy filtered resources.
2019-12-17 23:57:33,652 [Worker-16: Building workspace] INFO  o.e.m.c.i.embedder.EclipseLogger - skip non existing resourceDirectory C:\gcp_wrksp\gcp-project\gcp-backend\src\test\resources
2019-12-18 00:40:46,514 [Worker-32: Building workspace] INFO  o.e.m.c.i.l.LifecycleMappingFactory - Using org.maven.ide.eclipse.wtp.WarLifecycleMapping lifecycle mapping for MavenProject: gcp-backend-application:gcp-backend:0.0.1-SNAPSHOT @ C:\gcp_wrksp\gcp-project\gcp-backend\pom.xml.
2019-12-18 00:40:47,936 [Worker-32: Building workspace] INFO  o.e.m.c.i.e.AbstractTransferListenerAdapter - Downloading https://repo.spring.io/libs-milestone/org/javassist/javassist/3.15.0-GA/javassist-3.15.0-GA.pom
2019-12-18 00:40:48,374 [Worker-32: Building workspace] INFO  o.e.m.c.i.e.AbstractTransferListenerAdapter - Downloaded https://repo.spring.io/libs-milestone/org/javassist/javassist/3.15.0-GA/javassist-3.15.0-GA.pom
2019-12-18 00:40:49,294 [Worker-32: Building workspace] INFO  o.e.m.c.i.e.AbstractTransferListenerAdapter - Downloading https://repo.spring.io/libs-milestone/org/javassist/javassist/3.15.0-GA/javassist-3.15.0-GA.jar
2019-12-18 00:40:50,746 [Worker-32: Building workspace] INFO  o.e.m.c.i.e.AbstractTransferListenerAdapter - Downloaded https://repo.spring.io/libs-milestone/org/javassist/javassist/3.15.0-GA/javassist-3.15.0-GA.jar
2019-12-18 00:40:53,234 [Worker-32: Building workspace] ERROR o.e.m.c.i.i.nexus.NexusIndexManager - Unable to add gcp-backend-application/gcp-backend/0.0.1-SNAPSHOT/gcp-backend-0.0.1-SNAPSHOT.pom
org.apache.lucene.store.AlreadyClosedException: this IndexReader is closed
	at org.apache.lucene.index.IndexReader.ensureOpen(IndexReader.java:196) ~[lucene-core-2.4.1.jar:2.4.1 750176 - 2009-03-04 21:56:52]
	at org.apache.lucene.index.DirectoryIndexReader.isCurrent(DirectoryIndexReader.java:236) ~[lucene-core-2.4.1.jar:2.4.1 750176 - 2009-03-04 21:56:52]
	at org.apache.maven.index.context.DefaultIndexingContext.getIndexReader(DefaultIndexingContext.java:456) ~[indexer-core-3.1.0.jar:3.1.0]
	at org.apache.maven.index.context.DefaultIndexingContext.getIndexSearcher(DefaultIndexingContext.java:475) ~[indexer-core-3.1.0.jar:3.1.0]
	at org.apache.maven.index.context.IndexUtils.getGroups(IndexUtils.java:251) ~[indexer-core-3.1.0.jar:3.1.0]
	at org.apache.maven.index.context.IndexUtils.getRootGroups(IndexUtils.java:220) ~[indexer-core-3.1.0.jar:3.1.0]
	at org.apache.maven.index.context.DefaultIndexingContext.getRootGroups(DefaultIndexingContext.java:785) ~[indexer-core-3.1.0.jar:3.1.0]
	at org.apache.maven.index.DefaultIndexerEngine.updateGroups(DefaultIndexerEngine.java:150) ~[org.eclipse.m2e.maven.indexer_1.11.0.20190220-2117/:na]
	at org.apache.maven.index.DefaultIndexerEngine.update(DefaultIndexerEngine.java:82) ~[org.eclipse.m2e.maven.indexer_1.11.0.20190220-2117/:na]
	at org.apache.maven.index.DefaultNexusIndexer.addArtifactToIndex(DefaultNexusIndexer.java:338) ~[org.eclipse.m2e.maven.indexer_1.11.0.20190220-2117/:na]
	at org.eclipse.m2e.core.internal.index.nexus.NexusIndexManager.addDocument(NexusIndexManager.java:580) [org.eclipse.m2e.core_1.11.0.20190220-2119.jar:na]
	at org.eclipse.m2e.core.internal.index.nexus.NexusIndexManager.mavenProjectChanged(NexusIndexManager.java:758) [org.eclipse.m2e.core_1.11.0.20190220-2119.jar:na]
	at org.eclipse.m2e.core.internal.project.registry.ProjectRegistryManager.notifyProjectChangeListeners(ProjectRegistryManager.java:777) [org.eclipse.m2e.core_1.11.0.20190220-2119.jar:na]
	at org.eclipse.m2e.core.internal.project.registry.ProjectRegistryManager.applyMutableProjectRegistry(ProjectRegistryManager.java:921) [org.eclipse.m2e.core_1.11.0.20190220-2119.jar:na]
	at org.eclipse.m2e.core.internal.project.registry.ProjectRegistryManager.refresh(ProjectRegistryManager.java:298) [org.eclipse.m2e.core_1.11.0.20190220-2119.jar:na]
	at org.eclipse.m2e.core.internal.builder.MavenBuilder$BuildMethod.getProjectFacade(MavenBuilder.java:155) [org.eclipse.m2e.core_1.11.0.20190220-2119.jar:na]
	at org.eclipse.m2e.core.internal.builder.MavenBuilder$BuildMethod$1.call(MavenBuilder.java:90) [org.eclipse.m2e.core_1.11.0.20190220-2119.jar:na]
	at org.eclipse.m2e.core.internal.embedder.MavenExecutionContext.executeBare(MavenExecutionContext.java:177) [org.eclipse.m2e.core_1.11.0.20190220-2119.jar:na]
	at org.eclipse.m2e.core.internal.embedder.MavenExecutionContext.execute(MavenExecutionContext.java:151) [org.eclipse.m2e.core_1.11.0.20190220-2119.jar:na]
	at org.eclipse.m2e.core.internal.embedder.MavenExecutionContext.execute(MavenExecutionContext.java:99) [org.eclipse.m2e.core_1.11.0.20190220-2119.jar:na]
	at org.eclipse.m2e.core.internal.builder.MavenBuilder$BuildMethod.execute(MavenBuilder.java:87) [org.eclipse.m2e.core_1.11.0.20190220-2119.jar:na]
	at org.eclipse.m2e.core.internal.builder.MavenBuilder.build(MavenBuilder.java:201) [org.eclipse.m2e.core_1.11.0.20190220-2119.jar:na]
	at org.eclipse.core.internal.events.BuildManager$2.run(BuildManager.java:833) [org.eclipse.core.resources_3.13.300.v20190218-2054.jar:na]
	at org.eclipse.core.runtime.SafeRunner.run(SafeRunner.java:45) [org.eclipse.equinox.common_3.10.300.v20190218-2100.jar:na]
	at org.eclipse.core.internal.events.BuildManager.basicBuild(BuildManager.java:220) [org.eclipse.core.resources_3.13.300.v20190218-2054.jar:na]
	at org.eclipse.core.internal.events.BuildManager.basicBuild(BuildManager.java:263) [org.eclipse.core.resources_3.13.300.v20190218-2054.jar:na]
	at org.eclipse.core.internal.events.BuildManager$1.run(BuildManager.java:316) [org.eclipse.core.resources_3.13.300.v20190218-2054.jar:na]
	at org.eclipse.core.runtime.SafeRunner.run(SafeRunner.java:45) [org.eclipse.equinox.common_3.10.300.v20190218-2100.jar:na]
	at org.eclipse.core.internal.events.BuildManager.basicBuild(BuildManager.java:319) [org.eclipse.core.resources_3.13.300.v20190218-2054.jar:na]
	at org.eclipse.core.internal.events.BuildManager.basicBuildLoop(BuildManager.java:371) [org.eclipse.core.resources_3.13.300.v20190218-2054.jar:na]
	at org.eclipse.core.internal.events.BuildManager.build(BuildManager.java:392) [org.eclipse.core.resources_3.13.300.v20190218-2054.jar:na]
	at org.eclipse.core.internal.events.AutoBuildJob.doBuild(AutoBuildJob.java:154) [org.eclipse.core.resources_3.13.300.v20190218-2054.jar:na]
	at org.eclipse.core.internal.events.AutoBuildJob.run(AutoBuildJob.java:244) [org.eclipse.core.resources_3.13.300.v20190218-2054.jar:na]
	at org.eclipse.core.internal.jobs.Worker.run(Worker.java:63) [org.eclipse.core.jobs_3.10.300.v20190215-2048.jar:na]
2019-12-18 00:40:53,657 [Worker-32: Building workspace] INFO  o.e.m.c.i.embedder.EclipseLogger - Using 'UTF-8' encoding to copy filtered resources.
2019-12-18 00:40:53,658 [Worker-32: Building workspace] INFO  o.e.m.c.i.embedder.EclipseLogger - skip non existing resourceDirectory C:\gcp_wrksp\gcp-project\gcp-backend\..\angular8-springboot\dist\angular8-springboot
2019-12-18 00:40:53,660 [Worker-32: Building workspace] INFO  o.e.m.c.i.embedder.EclipseLogger - Using 'UTF-8' encoding to copy filtered resources.
2019-12-18 00:40:53,666 [Worker-32: Building workspace] INFO  o.e.m.c.i.embedder.EclipseLogger - Copying 0 resource
2019-12-18 00:40:53,667 [Worker-32: Building workspace] INFO  o.e.m.c.i.embedder.EclipseLogger - Copying 0 resource
2019-12-18 00:40:53,670 [Worker-32: Building workspace] INFO  o.e.m.c.i.embedder.EclipseLogger - Using 'UTF-8' encoding to copy filtered resources.
2019-12-18 00:40:53,670 [Worker-32: Building workspace] INFO  o.e.m.c.i.embedder.EclipseLogger - skip non existing resourceDirectory C:\gcp_wrksp\gcp-project\gcp-backend\src\test\resources
2019-12-18 00:40:53,671 [Worker-32: Building workspace] INFO  o.e.m.w.i.f.ResourceFilteringBuildParticipant - Changed resources require a complete clean of filtered resources of gcp-backend
2019-12-18 00:40:53,671 [Worker-32: Building workspace] INFO  o.e.m.w.i.f.ResourceFilteringBuildParticipant - Executing resource filtering for gcp-backend
2019-12-18 00:40:53,676 [Worker-32: Building workspace] INFO  o.e.m.c.i.embedder.EclipseLogger - Using 'UTF-8' encoding to copy filtered resources.
2019-12-18 00:40:57,055 [Worker-26: Download sources and javadoc] INFO  o.e.m.c.i.e.AbstractTransferListenerAdapter - Downloading https://repo.spring.io/libs-milestone/org/javassist/javassist/3.15.0-GA/javassist-3.15.0-GA-sources.jar
2019-12-18 00:40:57,896 [Worker-34: Building workspace] INFO  o.e.m.c.i.l.LifecycleMappingFactory - Using org.maven.ide.eclipse.wtp.WarLifecycleMapping lifecycle mapping for MavenProject: gcp-backend-application:gcp-backend:0.0.1-SNAPSHOT @ C:\gcp_wrksp\gcp-project\gcp-backend\pom.xml.
2019-12-18 00:40:58,545 [Worker-26: Download sources and javadoc] INFO  o.e.m.c.i.e.AbstractTransferListenerAdapter - Downloaded https://repo.spring.io/libs-milestone/org/javassist/javassist/3.15.0-GA/javassist-3.15.0-GA-sources.jar
2019-12-18 00:40:58,608 [Worker-26: Download sources and javadoc] INFO  o.e.m.j.internal.DownloadSourcesJob - Downloaded sources for org.javassist:javassist:3.15.0-GA
2019-12-18 00:41:02,254 [Worker-34: Building workspace] ERROR o.e.m.c.i.i.nexus.NexusIndexManager - Unable to add gcp-backend-application/gcp-backend/0.0.1-SNAPSHOT/gcp-backend-0.0.1-SNAPSHOT.pom
org.apache.lucene.store.AlreadyClosedException: this IndexReader is closed
	at org.apache.lucene.index.IndexReader.ensureOpen(IndexReader.java:196) ~[lucene-core-2.4.1.jar:2.4.1 750176 - 2009-03-04 21:56:52]
	at org.apache.lucene.index.DirectoryIndexReader.isCurrent(DirectoryIndexReader.java:236) ~[lucene-core-2.4.1.jar:2.4.1 750176 - 2009-03-04 21:56:52]
	at org.apache.maven.index.context.DefaultIndexingContext.getIndexReader(DefaultIndexingContext.java:456) ~[indexer-core-3.1.0.jar:3.1.0]
	at org.apache.maven.index.context.DefaultIndexingContext.getIndexSearcher(DefaultIndexingContext.java:475) ~[indexer-core-3.1.0.jar:3.1.0]
	at org.apache.maven.index.DefaultIndexerEngine.getOldDocument(DefaultIndexerEngine.java:131) ~[org.eclipse.m2e.maven.indexer_1.11.0.20190220-2117/:na]
	at org.apache.maven.index.DefaultIndexerEngine.update(DefaultIndexerEngine.java:74) ~[org.eclipse.m2e.maven.indexer_1.11.0.20190220-2117/:na]
	at org.apache.maven.index.DefaultNexusIndexer.addArtifactToIndex(DefaultNexusIndexer.java:338) ~[org.eclipse.m2e.maven.indexer_1.11.0.20190220-2117/:na]
	at org.eclipse.m2e.core.internal.index.nexus.NexusIndexManager.addDocument(NexusIndexManager.java:580) [org.eclipse.m2e.core_1.11.0.20190220-2119.jar:na]
	at org.eclipse.m2e.core.internal.index.nexus.NexusIndexManager.mavenProjectChanged(NexusIndexManager.java:758) [org.eclipse.m2e.core_1.11.0.20190220-2119.jar:na]
	at org.eclipse.m2e.core.internal.project.registry.ProjectRegistryManager.notifyProjectChangeListeners(ProjectRegistryManager.java:777) [org.eclipse.m2e.core_1.11.0.20190220-2119.jar:na]
	at org.eclipse.m2e.core.internal.project.registry.ProjectRegistryManager.applyMutableProjectRegistry(ProjectRegistryManager.java:921) [org.eclipse.m2e.core_1.11.0.20190220-2119.jar:na]
	at org.eclipse.m2e.core.internal.project.registry.ProjectRegistryManager.refresh(ProjectRegistryManager.java:298) [org.eclipse.m2e.core_1.11.0.20190220-2119.jar:na]
	at org.eclipse.m2e.core.internal.builder.MavenBuilder$BuildMethod.getProjectFacade(MavenBuilder.java:155) [org.eclipse.m2e.core_1.11.0.20190220-2119.jar:na]
	at org.eclipse.m2e.core.internal.builder.MavenBuilder$BuildMethod$1.call(MavenBuilder.java:90) [org.eclipse.m2e.core_1.11.0.20190220-2119.jar:na]
	at org.eclipse.m2e.core.internal.embedder.MavenExecutionContext.executeBare(MavenExecutionContext.java:177) [org.eclipse.m2e.core_1.11.0.20190220-2119.jar:na]
	at org.eclipse.m2e.core.internal.embedder.MavenExecutionContext.execute(MavenExecutionContext.java:151) [org.eclipse.m2e.core_1.11.0.20190220-2119.jar:na]
	at org.eclipse.m2e.core.internal.embedder.MavenExecutionContext.execute(MavenExecutionContext.java:99) [org.eclipse.m2e.core_1.11.0.20190220-2119.jar:na]
	at org.eclipse.m2e.core.internal.builder.MavenBuilder$BuildMethod.execute(MavenBuilder.java:87) [org.eclipse.m2e.core_1.11.0.20190220-2119.jar:na]
	at org.eclipse.m2e.core.internal.builder.MavenBuilder.build(MavenBuilder.java:201) [org.eclipse.m2e.core_1.11.0.20190220-2119.jar:na]
	at org.eclipse.core.internal.events.BuildManager$2.run(BuildManager.java:833) [org.eclipse.core.resources_3.13.300.v20190218-2054.jar:na]
	at org.eclipse.core.runtime.SafeRunner.run(SafeRunner.java:45) [org.eclipse.equinox.common_3.10.300.v20190218-2100.jar:na]
	at org.eclipse.core.internal.events.BuildManager.basicBuild(BuildManager.java:220) [org.eclipse.core.resources_3.13.300.v20190218-2054.jar:na]
	at org.eclipse.core.internal.events.BuildManager.basicBuild(BuildManager.java:263) [org.eclipse.core.resources_3.13.300.v20190218-2054.jar:na]
	at org.eclipse.core.internal.events.BuildManager$1.run(BuildManager.java:316) [org.eclipse.core.resources_3.13.300.v20190218-2054.jar:na]
	at org.eclipse.core.runtime.SafeRunner.run(SafeRunner.java:45) [org.eclipse.equinox.common_3.10.300.v20190218-2100.jar:na]
	at org.eclipse.core.internal.events.BuildManager.basicBuild(BuildManager.java:319) [org.eclipse.core.resources_3.13.300.v20190218-2054.jar:na]
	at org.eclipse.core.internal.events.BuildManager.basicBuildLoop(BuildManager.java:371) [org.eclipse.core.resources_3.13.300.v20190218-2054.jar:na]
	at org.eclipse.core.internal.events.BuildManager.build(BuildManager.java:392) [org.eclipse.core.resources_3.13.300.v20190218-2054.jar:na]
	at org.eclipse.core.internal.events.AutoBuildJob.doBuild(AutoBuildJob.java:154) [org.eclipse.core.resources_3.13.300.v20190218-2054.jar:na]
	at org.eclipse.core.internal.events.AutoBuildJob.run(AutoBuildJob.java:244) [org.eclipse.core.resources_3.13.300.v20190218-2054.jar:na]
	at org.eclipse.core.internal.jobs.Worker.run(Worker.java:63) [org.eclipse.core.jobs_3.10.300.v20190215-2048.jar:na]
2019-12-18 00:41:02,875 [Worker-34: Building workspace] INFO  o.e.m.c.i.embedder.EclipseLogger - Using 'UTF-8' encoding to copy filtered resources.
2019-12-18 00:41:02,875 [Worker-34: Building workspace] INFO  o.e.m.c.i.embedder.EclipseLogger - skip non existing resourceDirectory C:\gcp_wrksp\gcp-project\gcp-backend\..\angular8-springboot\dist\angular8-springboot
2019-12-18 00:41:02,878 [Worker-34: Building workspace] INFO  o.e.m.c.i.embedder.EclipseLogger - Using 'UTF-8' encoding to copy filtered resources.
2019-12-18 00:41:02,888 [Worker-34: Building workspace] INFO  o.e.m.c.i.embedder.EclipseLogger - Copying 2 resources
2019-12-18 00:41:02,924 [Worker-34: Building workspace] INFO  o.e.m.c.i.embedder.EclipseLogger - Copying 22 resources
2019-12-18 00:41:03,028 [Worker-34: Building workspace] INFO  o.e.m.c.i.embedder.EclipseLogger - Using 'UTF-8' encoding to copy filtered resources.
2019-12-18 00:41:03,028 [Worker-34: Building workspace] INFO  o.e.m.c.i.embedder.EclipseLogger - skip non existing resourceDirectory C:\gcp_wrksp\gcp-project\gcp-backend\src\test\resources
2019-12-18 00:41:03,047 [Worker-34: Building workspace] INFO  o.e.m.w.i.f.ResourceFilteringBuildParticipant - Changed resources require a complete clean of filtered resources of gcp-backend
2019-12-18 00:41:03,047 [Worker-34: Building workspace] INFO  o.e.m.w.i.f.ResourceFilteringBuildParticipant - Executing resource filtering for gcp-backend
2019-12-18 00:41:03,054 [Worker-34: Building workspace] INFO  o.e.m.c.i.embedder.EclipseLogger - Using 'UTF-8' encoding to copy filtered resources.
2019-12-18 00:41:08,198 [Worker-26: Building workspace] INFO  o.e.m.c.i.embedder.EclipseLogger - Using 'UTF-8' encoding to copy filtered resources.
2019-12-18 00:41:08,199 [Worker-26: Building workspace] INFO  o.e.m.c.i.embedder.EclipseLogger - skip non existing resourceDirectory C:\gcp_wrksp\gcp-project\gcp-backend\..\angular8-springboot\dist\angular8-springboot
2019-12-18 00:41:08,201 [Worker-26: Building workspace] INFO  o.e.m.c.i.embedder.EclipseLogger - Using 'UTF-8' encoding to copy filtered resources.
2019-12-18 00:41:08,213 [Worker-26: Building workspace] INFO  o.e.m.c.i.embedder.EclipseLogger - Copying 2 resources
2019-12-18 00:41:08,275 [Worker-26: Building workspace] INFO  o.e.m.c.i.embedder.EclipseLogger - Copying 22 resources
2019-12-18 00:41:08,408 [Worker-26: Building workspace] INFO  o.e.m.c.i.embedder.EclipseLogger - Using 'UTF-8' encoding to copy filtered resources.
2019-12-18 00:41:08,409 [Worker-26: Building workspace] INFO  o.e.m.c.i.embedder.EclipseLogger - skip non existing resourceDirectory C:\gcp_wrksp\gcp-project\gcp-backend\src\test\resources
2019-12-18 00:41:20,862 [Worker-26: Building workspace] INFO  o.e.m.c.i.embedder.EclipseLogger - Using 'UTF-8' encoding to copy filtered resources.
2019-12-18 00:41:20,862 [Worker-26: Building workspace] INFO  o.e.m.c.i.embedder.EclipseLogger - skip non existing resourceDirectory C:\gcp_wrksp\gcp-project\gcp-backend\..\angular8-springboot\dist\angular8-springboot
2019-12-18 00:41:20,864 [Worker-26: Building workspace] INFO  o.e.m.c.i.embedder.EclipseLogger - Using 'UTF-8' encoding to copy filtered resources.
2019-12-18 00:41:20,872 [Worker-26: Building workspace] INFO  o.e.m.c.i.embedder.EclipseLogger - Copying 2 resources
2019-12-18 00:41:20,883 [Worker-26: Building workspace] INFO  o.e.m.c.i.embedder.EclipseLogger - Copying 22 resources
2019-12-18 00:41:20,892 [Worker-26: Building workspace] INFO  o.e.m.c.i.embedder.EclipseLogger - Using 'UTF-8' encoding to copy filtered resources.
2019-12-18 00:41:20,893 [Worker-26: Building workspace] INFO  o.e.m.c.i.embedder.EclipseLogger - skip non existing resourceDirectory C:\gcp_wrksp\gcp-project\gcp-backend\src\test\resources
2019-12-18 00:41:27,207 [Worker-26: Building workspace] INFO  o.e.m.c.i.embedder.EclipseLogger - Using 'UTF-8' encoding to copy filtered resources.
2019-12-18 00:41:27,207 [Worker-26: Building workspace] INFO  o.e.m.c.i.embedder.EclipseLogger - skip non existing resourceDirectory C:\gcp_wrksp\gcp-project\gcp-backend\..\angular8-springboot\dist\angular8-springboot
2019-12-18 00:41:27,210 [Worker-26: Building workspace] INFO  o.e.m.c.i.embedder.EclipseLogger - Using 'UTF-8' encoding to copy filtered resources.
2019-12-18 00:41:27,216 [Worker-26: Building workspace] INFO  o.e.m.c.i.embedder.EclipseLogger - Copying 2 resources
2019-12-18 00:41:27,233 [Worker-26: Building workspace] INFO  o.e.m.c.i.embedder.EclipseLogger - Copying 22 resources
2019-12-18 00:41:27,242 [Worker-26: Building workspace] INFO  o.e.m.c.i.embedder.EclipseLogger - Using 'UTF-8' encoding to copy filtered resources.
2019-12-18 00:41:27,243 [Worker-26: Building workspace] INFO  o.e.m.c.i.embedder.EclipseLogger - skip non existing resourceDirectory C:\gcp_wrksp\gcp-project\gcp-backend\src\test\resources
2019-12-18 00:41:32,670 [Worker-26: Building workspace] INFO  o.e.m.c.i.embedder.EclipseLogger - Using 'UTF-8' encoding to copy filtered resources.
2019-12-18 00:41:32,671 [Worker-26: Building workspace] INFO  o.e.m.c.i.embedder.EclipseLogger - skip non existing resourceDirectory C:\gcp_wrksp\gcp-project\gcp-backend\..\angular8-springboot\dist\angular8-springboot
2019-12-18 00:41:32,673 [Worker-26: Building workspace] INFO  o.e.m.c.i.embedder.EclipseLogger - Using 'UTF-8' encoding to copy filtered resources.
2019-12-18 00:41:32,679 [Worker-26: Building workspace] INFO  o.e.m.c.i.embedder.EclipseLogger - Copying 2 resources
2019-12-18 00:41:32,688 [Worker-26: Building workspace] INFO  o.e.m.c.i.embedder.EclipseLogger - Copying 22 resources
2019-12-18 00:41:32,698 [Worker-26: Building workspace] INFO  o.e.m.c.i.embedder.EclipseLogger - Using 'UTF-8' encoding to copy filtered resources.
2019-12-18 00:41:32,699 [Worker-26: Building workspace] INFO  o.e.m.c.i.embedder.EclipseLogger - skip non existing resourceDirectory C:\gcp_wrksp\gcp-project\gcp-backend\src\test\resources
2019-12-18 00:41:49,678 [Worker-32: Updating Maven Project] INFO  o.e.m.c.i.p.ProjectConfigurationManager - Update started
2019-12-18 00:41:51,874 [Worker-32: Updating Maven Project] INFO  o.e.m.c.i.l.LifecycleMappingFactory - Using org.maven.ide.eclipse.wtp.WarLifecycleMapping lifecycle mapping for MavenProject: gcp-backend-application:gcp-backend:0.0.1-SNAPSHOT @ C:\gcp_wrksp\gcp-project\gcp-backend\pom.xml.
2019-12-18 00:41:53,958 [Worker-32: Updating Maven Project] ERROR o.e.m.c.i.i.nexus.NexusIndexManager - Unable to add gcp-backend-application/gcp-backend/0.0.1-SNAPSHOT/gcp-backend-0.0.1-SNAPSHOT.pom
org.apache.lucene.store.AlreadyClosedException: this IndexReader is closed
	at org.apache.lucene.index.IndexReader.ensureOpen(IndexReader.java:196) ~[lucene-core-2.4.1.jar:2.4.1 750176 - 2009-03-04 21:56:52]
	at org.apache.lucene.index.DirectoryIndexReader.isCurrent(DirectoryIndexReader.java:236) ~[lucene-core-2.4.1.jar:2.4.1 750176 - 2009-03-04 21:56:52]
	at org.apache.maven.index.context.DefaultIndexingContext.getIndexReader(DefaultIndexingContext.java:456) ~[indexer-core-3.1.0.jar:3.1.0]
	at org.apache.maven.index.context.DefaultIndexingContext.getIndexSearcher(DefaultIndexingContext.java:475) ~[indexer-core-3.1.0.jar:3.1.0]
	at org.apache.maven.index.DefaultIndexerEngine.getOldDocument(DefaultIndexerEngine.java:131) ~[org.eclipse.m2e.maven.indexer_1.11.0.20190220-2117/:na]
	at org.apache.maven.index.DefaultIndexerEngine.update(DefaultIndexerEngine.java:74) ~[org.eclipse.m2e.maven.indexer_1.11.0.20190220-2117/:na]
	at org.apache.maven.index.DefaultNexusIndexer.addArtifactToIndex(DefaultNexusIndexer.java:338) ~[org.eclipse.m2e.maven.indexer_1.11.0.20190220-2117/:na]
	at org.eclipse.m2e.core.internal.index.nexus.NexusIndexManager.addDocument(NexusIndexManager.java:580) [org.eclipse.m2e.core_1.11.0.20190220-2119.jar:na]
	at org.eclipse.m2e.core.internal.index.nexus.NexusIndexManager.mavenProjectChanged(NexusIndexManager.java:758) [org.eclipse.m2e.core_1.11.0.20190220-2119.jar:na]
	at org.eclipse.m2e.core.internal.project.registry.ProjectRegistryManager.notifyProjectChangeListeners(ProjectRegistryManager.java:777) [org.eclipse.m2e.core_1.11.0.20190220-2119.jar:na]
	at org.eclipse.m2e.core.internal.project.registry.ProjectRegistryManager.applyMutableProjectRegistry(ProjectRegistryManager.java:921) [org.eclipse.m2e.core_1.11.0.20190220-2119.jar:na]
	at org.eclipse.m2e.core.internal.project.registry.ProjectRegistryManager.refresh(ProjectRegistryManager.java:298) [org.eclipse.m2e.core_1.11.0.20190220-2119.jar:na]
	at org.eclipse.m2e.core.internal.project.ProjectConfigurationManager.updateProjectConfiguration0(ProjectConfigurationManager.java:405) [org.eclipse.m2e.core_1.11.0.20190220-2119.jar:na]
	at org.eclipse.m2e.core.internal.project.ProjectConfigurationManager$2.call(ProjectConfigurationManager.java:352) [org.eclipse.m2e.core_1.11.0.20190220-2119.jar:na]
	at org.eclipse.m2e.core.internal.project.ProjectConfigurationManager$2.call(ProjectConfigurationManager.java:1) [org.eclipse.m2e.core_1.11.0.20190220-2119.jar:na]
	at org.eclipse.m2e.core.internal.embedder.MavenExecutionContext.executeBare(MavenExecutionContext.java:177) [org.eclipse.m2e.core_1.11.0.20190220-2119.jar:na]
	at org.eclipse.m2e.core.internal.embedder.MavenExecutionContext.execute(MavenExecutionContext.java:151) [org.eclipse.m2e.core_1.11.0.20190220-2119.jar:na]
	at org.eclipse.m2e.core.internal.embedder.MavenExecutionContext.execute(MavenExecutionContext.java:99) [org.eclipse.m2e.core_1.11.0.20190220-2119.jar:na]
	at org.eclipse.m2e.core.internal.embedder.MavenImpl.execute(MavenImpl.java:1332) [org.eclipse.m2e.core_1.11.0.20190220-2119.jar:na]
	at org.eclipse.m2e.core.internal.project.ProjectConfigurationManager.updateProjectConfiguration(ProjectConfigurationManager.java:349) [org.eclipse.m2e.core_1.11.0.20190220-2119.jar:na]
	at org.eclipse.m2e.core.ui.internal.UpdateMavenProjectJob.runInWorkspace(UpdateMavenProjectJob.java:77) [org.eclipse.m2e.core.ui_1.11.0.20190220-2119.jar:na]
	at org.eclipse.core.internal.resources.InternalWorkspaceJob.run(InternalWorkspaceJob.java:42) [org.eclipse.core.resources_3.13.300.v20190218-2054.jar:na]
	at org.eclipse.core.internal.jobs.Worker.run(Worker.java:63) [org.eclipse.core.jobs_3.10.300.v20190215-2048.jar:na]
2019-12-18 00:41:54,381 [Worker-32: Updating Maven Project] INFO  o.e.m.j.i.AbstractJavaProjectConfigurator - Adding source folder /gcp-backend/src/main/java
2019-12-18 00:41:54,381 [Worker-32: Updating Maven Project] INFO  o.e.m.j.i.AbstractJavaProjectConfigurator - Adding resource folder /gcp-backend/src/main/resources
2019-12-18 00:41:54,382 [Worker-32: Updating Maven Project] INFO  o.e.m.j.i.AbstractJavaProjectConfigurator - Adding resource folder /gcp-backend/src/main/resources
2019-12-18 00:41:54,384 [Worker-32: Updating Maven Project] INFO  o.e.m.j.i.AbstractJavaProjectConfigurator - Adding source folder /gcp-backend/src/test/java
2019-12-18 00:41:55,564 [Worker-32: Updating Maven Project] INFO  o.e.m.w.i.f.ResourceFilteringBuildParticipant - Cleaning filtered folder for gcp-backend
2019-12-18 00:41:55,586 [Worker-32: Updating Maven Project] INFO  o.e.m.c.i.p.ProjectConfigurationManager - Update completed: 5 sec
2019-12-18 00:41:58,232 [Worker-26: Building workspace] INFO  o.e.m.c.i.embedder.EclipseLogger - Using 'UTF-8' encoding to copy filtered resources.
2019-12-18 00:41:58,232 [Worker-26: Building workspace] INFO  o.e.m.c.i.embedder.EclipseLogger - skip non existing resourceDirectory C:\gcp_wrksp\gcp-project\gcp-backend\..\angular8-springboot\dist\angular8-springboot
2019-12-18 00:41:58,235 [Worker-26: Building workspace] INFO  o.e.m.c.i.embedder.EclipseLogger - Using 'UTF-8' encoding to copy filtered resources.
2019-12-18 00:41:58,235 [Worker-26: Building workspace] INFO  o.e.m.c.i.embedder.EclipseLogger - Copying 2 resources
2019-12-18 00:41:58,255 [Worker-26: Building workspace] INFO  o.e.m.c.i.embedder.EclipseLogger - Copying 22 resources
2019-12-18 00:41:58,337 [Worker-26: Building workspace] INFO  o.e.m.c.i.embedder.EclipseLogger - Using 'UTF-8' encoding to copy filtered resources.
2019-12-18 00:41:58,337 [Worker-26: Building workspace] INFO  o.e.m.c.i.embedder.EclipseLogger - skip non existing resourceDirectory C:\gcp_wrksp\gcp-project\gcp-backend\src\test\resources
2019-12-18 00:41:58,337 [Worker-26: Building workspace] INFO  o.e.m.w.i.f.ResourceFilteringBuildParticipant - Changed resources require a complete clean of filtered resources of gcp-backend
